This is LuaHBTeX, Version 1.22.0 (TeX Live 2025)  (format=lualatex 2025.10.6)  6 OCT 2025 15:18
 restricted system commands enabled.
**biomass_ipm.tex
(./biomass_ipm.tex
LaTeX2e <2025-06-01> patch level 1
L3 programming layer <2025-09-02>
Lua module: luaotfload 2024-12-03 v3.29 Lua based OpenType font support
Lua module: lualibs 2023-07-13 v2.76 ConTeXt Lua standard libraries.
Lua module: lualibs-extended 2023-07-13 v2.76 ConTeXt Lua libraries -- extended 
collection.
luaotfload | conf : Root cache directory is "/home/huy1/local/texlive/2025/texmf
-var/luatex-cache/generic/names".
luaotfload | init : Loading fontloader "fontloader-2023-12-28.lua" from kpse-res
olved path "/home/huy1/local/texlive/2025/texmf-dist/tex/luatex/luaotfload/fontl
oader-2023-12-28.lua".
Lua-only attribute luaotfload@noligature = 1
luaotfload | init : Context OpenType loader version 3.134
Inserting `luaotfload.node_processor' in `pre_linebreak_filter'.
Inserting `luaotfload.node_processor' in `hpack_filter'.
Inserting `luaotfload.glyph_stream' in `glyph_stream_provider'.
Inserting `luaotfload.define_font' in `define_font'.
Lua-only attribute luaotfload_color_attribute = 2
luaotfload | conf : Root cache directory is "/home/huy1/local/texlive/2025/texmf
-var/luatex-cache/generic/names".
Inserting `luaotfload.harf.strip_prefix' in `find_opentype_file'.
Inserting `luaotfload.harf.strip_prefix' in `find_truetype_file'.
Removing  `luaotfload.glyph_stream' from `glyph_stream_provider'.
Inserting `luaotfload.harf.glyphstream' in `glyph_stream_provider'.
Inserting `luaotfload.harf.finalize_vlist' in `post_linebreak_filter'.
Inserting `luaotfload.harf.finalize_hlist' in `hpack_filter'.
Inserting `luaotfload.cleanup_files' in `wrapup_run'.
Inserting `luaotfload.harf.finalize_unicode' in `finish_pdffile'.
Inserting `luaotfload.glyphinfo' in `glyph_info'.
Lua-only attribute luaotfload.letterspace_done = 3
Inserting `luaotfload.aux.set_sscale_dimens' in `luaotfload.patch_font'.
Inserting `luaotfload.aux.set_font_index' in `luaotfload.patch_font'.
Inserting `luaotfload.aux.patch_cambria_domh' in `luaotfload.patch_font'.
Inserting `luaotfload.aux.fixup_fontdata' in `luaotfload.patch_font_unsafe'.
Inserting `luaotfload.aux.set_capheight' in `luaotfload.patch_font'.
Inserting `luaotfload.aux.set_xheight' in `luaotfload.patch_font'.
Inserting `luaotfload.rewrite_fontname' in `luaotfload.patch_font'.
Inserting `tracingstacklevels' in `input_level_string'. (/home/huy1/local/texli
ve/2025/texmf-dist/tex/latex/base/article.cls
Document Class: article 2025/01/22 v1.4n Standard LaTeX document class
(/home/huy1/local/texlive/2025/texmf-dist/tex/latex/base/size10.clo
File: size10.clo 2025/01/22 v1.4n Standard LaTeX file (size option)
luaotfload | db : Font names database loaded from /home/huy1/local/texlive/2025/
texmf-var/luatex-cache/generic/names/luaotfload-names.luc.gz)
\c@part=\count273
\c@section=\count274
\c@subsection=\count275
\c@subsubsection=\count276
\c@paragraph=\count277
\c@subparagraph=\count278
\c@figure=\count279
\c@table=\count280
\abovecaptionskip=\skip49
\belowcaptionskip=\skip50
\bibindent=\dimen147
)
(/home/huy1/local/texlive/2025/texmf-dist/tex/latex/base/inputenc.sty
Package: inputenc 2024/02/08 v1.3d Input encoding file
\inpenc@prehook=\toks17
\inpenc@posthook=\toks18


Package inputenc Warning: inputenc package ignored with utf8 based engines.

) (/home/huy1/local/texlive/2025/texmf-dist/tex/latex/base/fontenc.sty
Package: fontenc 2024/12/21 v2.1c Standard LaTeX package

(/home/huy1/local/texlive/2025/texmf-dist/tex/latex/greek-fontenc/lgrenc.def
File: lgrenc.def 2023-09-12 2.5 LGR Greek font encoding definitions

(/home/huy1/local/texlive/2025/texmf-dist/tex/latex/greek-fontenc/greek-fontenc
.def
File: greek-fontenc.def 2023-09-12 2.5 Common Greek font encoding definitions
LaTeX Encoding Info:    Ignoring declaration for text command \accACUTE (encodi
ng LGR) on input line 251.
LaTeX Encoding Info:    Ignoring declaration for text command \accGRAVE (encodi
ng LGR) on input line 259.
LaTeX Encoding Info:    Ignoring declaration for text command \accTILDE (encodi
ng LGR) on input line 267.
))
LaTeX Font Info:    Trying to load font information for T1+lmr on input line 11
6.
 (/home/huy1/local/texlive/2025/texmf-dist/tex/latex/lm/t1lmr.fd
File: t1lmr.fd 2015/05/01 v1.6.1 Font defs for Latin Modern
))
(/home/huy1/local/texlive/2025/texmf-dist/tex/latex/graphics/graphicx.sty
Package: graphicx 2024/12/31 v1.2e Enhanced LaTeX Graphics (DPC,SPQR)

(/home/huy1/local/texlive/2025/texmf-dist/tex/latex/graphics/keyval.sty
Package: keyval 2022/05/29 v1.15 key=value parser (DPC)
\KV@toks@=\toks19
)
(/home/huy1/local/texlive/2025/texmf-dist/tex/latex/graphics/graphics.sty
Package: graphics 2024/08/06 v1.4g Standard LaTeX Graphics (DPC,SPQR)

(/home/huy1/local/texlive/2025/texmf-dist/tex/latex/graphics/trig.sty
Package: trig 2023/12/02 v1.11 sin cos tan (DPC)
)
(/home/huy1/local/texlive/2025/texmf-dist/tex/latex/graphics-cfg/graphics.cfg
File: graphics.cfg 2016/06/04 v1.11 sample graphics configuration
)
Package graphics Info: Driver file: luatex.def on input line 106.

(/home/huy1/local/texlive/2025/texmf-dist/tex/latex/graphics-def/luatex.def
File: luatex.def 2025/09/29 v1.2f Graphics/color driver for luatex
))
\Gin@req@height=\dimen148
\Gin@req@width=\dimen149
)
(/home/huy1/local/texlive/2025/texmf-dist/tex/latex/grffile/grffile.sty
Package: grffile 2019/11/11 v2.1 Extended file name support for graphics (legac
y)
Package grffile Info: This package is an empty stub for compatibility on input 
line 40.
)
(/home/huy1/local/texlive/2025/texmf-dist/tex/latex/tools/longtable.sty
Package: longtable 2024-12-18 v4.23 Multi-page Table package (DPC)
\LTleft=\skip51
\LTright=\skip52
\LTpre=\skip53
\LTpost=\skip54
\LTchunksize=\count281
\LTcapwidth=\dimen150
\LT@head=\box53
\LT@firsthead=\box54
\LT@foot=\box55
\LT@lastfoot=\box56
\LT@gbox=\box57
\LT@cols=\count282
\LT@rows=\count283
\c@LT@tables=\count284
\c@LT@chunks=\count285
\LT@p@ftn=\toks20
)
(/home/huy1/local/texlive/2025/texmf-dist/tex/latex/wrapfig/wrapfig.sty
\wrapoverhang=\dimen151
\WF@size=\dimen152
\c@WF@wrappedlines=\count286
\WF@box=\box58
\WF@everypar=\toks21
Package: wrapfig 2003/01/31  v 3.6
)
(/home/huy1/local/texlive/2025/texmf-dist/tex/latex/graphics/rotating.sty
Package: rotating 2025/01/14 v2.16e rotated objects in LaTeX

(/home/huy1/local/texlive/2025/texmf-dist/tex/latex/base/ifthen.sty
Package: ifthen 2024/03/16 v1.1e Standard LaTeX ifthen package (DPC)
)
\c@r@tfl@t=\count287
\rotFPtop=\skip55
\rotFPbot=\skip56
\rot@float@box=\box59
\rot@mess@toks=\toks22
)
(/home/huy1/local/texlive/2025/texmf-dist/tex/generic/ulem/ulem.sty
\UL@box=\box60
\UL@hyphenbox=\box61
\UL@skip=\skip57
\UL@hook=\toks23
\UL@height=\dimen153
\UL@pe=\count288
\UL@pixel=\dimen154
\ULC@box=\box62
Package: ulem 2019/11/18
\ULdepth=\dimen155
)
(/home/huy1/local/texlive/2025/texmf-dist/tex/latex/amsmath/amsmath.sty
Package: amsmath 2025/06/16 v2.17y AMS math features
\@mathmargin=\skip58

For additional information on amsmath, use the `?' option.
(/home/huy1/local/texlive/2025/texmf-dist/tex/latex/amsmath/amstext.sty
Package: amstext 2024/11/17 v2.01 AMS text

(/home/huy1/local/texlive/2025/texmf-dist/tex/latex/amsmath/amsgen.sty
File: amsgen.sty 1999/11/30 v2.0 generic functions
\@emptytoks=\toks24
\ex@=\dimen156
))
(/home/huy1/local/texlive/2025/texmf-dist/tex/latex/amsmath/amsbsy.sty
Package: amsbsy 1999/11/29 v1.2d Bold Symbols
\pmbraise@=\dimen157
)
(/home/huy1/local/texlive/2025/texmf-dist/tex/latex/amsmath/amsopn.sty
Package: amsopn 2022/04/08 v2.04 operator names
)
\inf@bad=\count289
LaTeX Info: Redefining \frac on input line 235.
\uproot@=\count290
\leftroot@=\count291
LaTeX Info: Redefining \overline on input line 398.
LaTeX Info: Redefining \colon on input line 409.
\classnum@=\count292
\DOTSCASE@=\count293
LaTeX Info: Redefining \ldots on input line 495.
LaTeX Info: Redefining \dots on input line 498.
LaTeX Info: Redefining \cdots on input line 619.
\Mathstrutbox@=\box63
\strutbox@=\box64
LaTeX Info: Redefining \big on input line 721.
LaTeX Info: Redefining \Big on input line 722.
LaTeX Info: Redefining \bigg on input line 723.
LaTeX Info: Redefining \Bigg on input line 724.
\big@size=\dimen158
LaTeX Font Info:    Redeclaring font encoding OML on input line 742.
LaTeX Font Info:    Redeclaring font encoding OMS on input line 743.
\macc@depth=\count294
LaTeX Info: Redefining \bmod on input line 904.
LaTeX Info: Redefining \pmod on input line 909.
LaTeX Info: Redefining \smash on input line 939.
LaTeX Info: Redefining \relbar on input line 969.
LaTeX Info: Redefining \Relbar on input line 970.
\c@MaxMatrixCols=\count295
\dotsspace@=\muskip17
\c@parentequation=\count296
\dspbrk@lvl=\count297
\tag@help=\toks25
\row@=\count298
\column@=\count299
\maxfields@=\count300
\andhelp@=\toks26
\eqnshift@=\dimen159
\alignsep@=\dimen160
\tagshift@=\dimen161
\tagwidth@=\dimen162
\totwidth@=\dimen163
\lineht@=\dimen164
\@envbody=\toks27
\multlinegap=\skip59
\multlinetaggap=\skip60
\mathdisplay@stack=\toks28
LaTeX Info: Redefining \[ on input line 2949.
LaTeX Info: Redefining \] on input line 2950.
)
(/home/huy1/local/texlive/2025/texmf-dist/tex/latex/amsfonts/amssymb.sty
Package: amssymb 2013/01/14 v3.01 AMS font symbols

(/home/huy1/local/texlive/2025/texmf-dist/tex/latex/amsfonts/amsfonts.sty
Package: amsfonts 2013/01/14 v3.01 Basic AMSFonts support
\symAMSa=\mathgroup4
\symAMSb=\mathgroup5
LaTeX Font Info:    Redeclaring math symbol \hbar on input line 98.
LaTeX Font Info:    Overwriting math alphabet `\mathfrak' in version `bold'
(Font)                  U/euf/m/n --> U/euf/b/n on input line 106.
))
(/home/huy1/local/texlive/2025/texmf-dist/tex/latex/base/textcomp.sty
Package: textcomp 2024/04/24 v2.1b Standard LaTeX package
)
(/home/huy1/local/texlive/2025/texmf-dist/tex/latex/capt-of/capt-of.sty
Package: capt-of 2009/12/29 v0.2 standard captions outside of floats
)
(/home/huy1/local/texlive/2025/texmf-dist/tex/latex/biblatex/biblatex.sty
Package: biblatex 2025/07/10 v3.21 programmable bibliographies (PK/MW)

(/home/huy1/local/texlive/2025/texmf-dist/tex/generic/pdftexcmds/pdftexcmds.sty
Package: pdftexcmds 2020-06-27 v0.33 Utility functions of pdfTeX for LuaTeX (HO
)
(/home/huy1/local/texlive/2025/texmf-dist/tex/generic/infwarerr/infwarerr.sty
Package: infwarerr 2019/12/03 v1.5 Providing info/warning/error messages (HO)
)
(/home/huy1/local/texlive/2025/texmf-dist/tex/generic/iftex/iftex.sty
Package: iftex 2024/12/12 v1.0g TeX engine tests
)
(/home/huy1/local/texlive/2025/texmf-dist/tex/generic/ltxcmds/ltxcmds.sty
Package: ltxcmds 2023-12-04 v1.26 LaTeX kernel commands for general use (HO)
)
Package pdftexcmds Info: \pdf@primitive is available.
Package pdftexcmds Info: \pdf@ifprimitive is available.
Package pdftexcmds Info: \pdfdraftmode found.
\pdftexcmds@toks=\toks29
)
(/home/huy1/local/texlive/2025/texmf-dist/tex/latex/etoolbox/etoolbox.sty
Package: etoolbox 2025/10/02 v2.5m e-TeX tools for LaTeX (JAW)
\etb@tempcnta=\count301
)
(/home/huy1/local/texlive/2025/texmf-dist/tex/latex/kvoptions/kvoptions.sty
Package: kvoptions 2022-06-15 v3.15 Key value format for package options (HO)

(/home/huy1/local/texlive/2025/texmf-dist/tex/latex/kvsetkeys/kvsetkeys.sty
Package: kvsetkeys 2022-10-05 v1.19 Key value parser (HO)
))
(/home/huy1/local/texlive/2025/texmf-dist/tex/latex/logreq/logreq.sty
Package: logreq 2010/08/04 v1.0 xml request logger
\lrq@indent=\count302

(/home/huy1/local/texlive/2025/texmf-dist/tex/latex/logreq/logreq.def
File: logreq.def 2010/08/04 v1.0 logreq spec v1.0
))
(/home/huy1/local/texlive/2025/texmf-dist/tex/latex/url/url.sty
\Urlmuskip=\muskip18
Package: url 2013/09/16  ver 3.4  Verb mode for urls, etc.
)
\c@tabx@nest=\count303
\c@listtotal=\count304
\c@listcount=\count305
\c@liststart=\count306
\c@liststop=\count307
\c@citecount=\count308
\c@citetotal=\count309
\c@multicitecount=\count310
\c@multicitetotal=\count311
\c@instcount=\count312
\c@maxnames=\count313
\c@minnames=\count314
\c@maxitems=\count315
\c@minitems=\count316
\c@citecounter=\count317
\c@maxcitecounter=\count318
\c@savedcitecounter=\count319
\c@uniquelist=\count320
\c@uniquename=\count321
\c@refsection=\count322
\c@refsegment=\count323
\c@maxextratitle=\count324
\c@maxextratitleyear=\count325
\c@maxextraname=\count326
\c@maxextradate=\count327
\c@maxextraalpha=\count328
\c@abbrvpenalty=\count329
\c@highnamepenalty=\count330
\c@lownamepenalty=\count331
\c@maxparens=\count332
\c@parenlevel=\count333
\blx@tempcnta=\count334
\blx@tempcntb=\count335
\blx@tempcntc=\count336
\c@blx@maxsection=\count337
\blx@maxsegment@0=\count338
\blx@notetype=\count339
\blx@parenlevel@text=\count340
\blx@parenlevel@foot=\count341
\blx@sectionciteorder@0=\count342
\blx@sectionciteorderinternal@0=\count343
\blx@entrysetcounter=\count344
\blx@biblioinstance=\count345
\labelnumberwidth=\skip61
\labelalphawidth=\skip62
\biblabelsep=\skip63
\bibitemsep=\skip64
\bibnamesep=\skip65
\bibinitsep=\skip66
\bibparsep=\skip67
\bibhang=\skip68
\blx@bcfin=\read2
\blx@bcfout=\write3
\blx@langwohyphens=\language2
\c@mincomprange=\count346
\c@maxcomprange=\count347
\c@mincompwidth=\count348
Package biblatex Info: Trying to load biblatex default data model...
Package biblatex Info: ... file 'blx-dm.def' found.

(/home/huy1/local/texlive/2025/texmf-dist/tex/latex/biblatex/blx-dm.def
File: blx-dm.def 2025/07/10 v3.21 biblatex datamodel (PK/MW)
)
Package biblatex Info: Trying to load biblatex style data model...
Package biblatex Info: ... file 'phys.dbx' found.

(/home/huy1/local/texlive/2025/texmf-dist/tex/latex/biblatex-phys/phys.dbx
File: phys.dbx 2025/04/09 v1.1e biblatex database model extension
)
Package biblatex Info: Trying to load biblatex custom data model...
Package biblatex Info: ... file 'biblatex-dm.cfg' not found.
\c@afterword=\count349
\c@savedafterword=\count350
\c@annotator=\count351
\c@savedannotator=\count352
\c@author=\count353
\c@savedauthor=\count354
\c@bookauthor=\count355
\c@savedbookauthor=\count356
\c@commentator=\count357
\c@savedcommentator=\count358
\c@editor=\count359
\c@savededitor=\count360
\c@editora=\count361
\c@savededitora=\count362
\c@editorb=\count363
\c@savededitorb=\count364
\c@editorc=\count365
\c@savededitorc=\count366
\c@foreword=\count367
\c@savedforeword=\count368
\c@holder=\count369
\c@savedholder=\count370
\c@introduction=\count371
\c@savedintroduction=\count372
\c@namea=\count373
\c@savednamea=\count374
\c@nameb=\count375
\c@savednameb=\count376
\c@namec=\count377
\c@savednamec=\count378
\c@translator=\count379
\c@savedtranslator=\count380
\c@shortauthor=\count381
\c@savedshortauthor=\count382
\c@shorteditor=\count383
\c@savedshorteditor=\count384
\c@labelname=\count385
\c@savedlabelname=\count386
\c@institution=\count387
\c@savedinstitution=\count388
\c@lista=\count389
\c@savedlista=\count390
\c@listb=\count391
\c@savedlistb=\count392
\c@listc=\count393
\c@savedlistc=\count394
\c@listd=\count395
\c@savedlistd=\count396
\c@liste=\count397
\c@savedliste=\count398
\c@listf=\count399
\c@savedlistf=\count400
\c@location=\count401
\c@savedlocation=\count402
\c@organization=\count403
\c@savedorganization=\count404
\c@origlocation=\count405
\c@savedoriglocation=\count406
\c@origpublisher=\count407
\c@savedorigpublisher=\count408
\c@publisher=\count409
\c@savedpublisher=\count410
\c@language=\count411
\c@savedlanguage=\count412
\c@origlanguage=\count413
\c@savedoriglanguage=\count414
\c@pageref=\count415
\c@savedpageref=\count416
\shorthandwidth=\skip69
\shortjournalwidth=\skip70
\shortserieswidth=\skip71
\shorttitlewidth=\skip72
\shortauthorwidth=\skip73
\shorteditorwidth=\skip74
\locallabelnumberwidth=\skip75
\locallabelalphawidth=\skip76
\localshorthandwidth=\skip77
\localshortjournalwidth=\skip78
\localshortserieswidth=\skip79
\localshorttitlewidth=\skip80
\localshortauthorwidth=\skip81
\localshorteditorwidth=\skip82
Package biblatex Info: Trying to load enhanced support for Unicode engines...
Package biblatex Info: ... file 'blx-unicode.def' found.

(/home/huy1/local/texlive/2025/texmf-dist/tex/latex/biblatex/blx-unicode.def)
Package biblatex Info: Trying to load compatibility code...
Package biblatex Info: ... file 'blx-compat.def' found.

(/home/huy1/local/texlive/2025/texmf-dist/tex/latex/biblatex/blx-compat.def
File: blx-compat.def 2025/07/10 v3.21 biblatex compatibility (PK/MW)
)
Package biblatex Info: Trying to load generic definitions...
Package biblatex Info: ... file 'biblatex.def' found.

(/home/huy1/local/texlive/2025/texmf-dist/tex/latex/biblatex/biblatex.def
File: biblatex.def 2025/07/10 v3.21 biblatex compatibility (PK/MW)
\c@textcitecount=\count417
\c@textcitetotal=\count418
\c@textcitemaxnames=\count419
\c@biburlbigbreakpenalty=\count420
\c@biburlbreakpenalty=\count421
\c@biburlnumpenalty=\count422
\c@biburlucpenalty=\count423
\c@biburllcpenalty=\count424
\biburlbigskip=\muskip19
\biburlnumskip=\muskip20
\biburlucskip=\muskip21
\biburllcskip=\muskip22
\c@smartand=\count425
)
Package biblatex Info: Trying to load natbib compatibility...
Package biblatex Info: ... file 'blx-natbib.def' found.

(/home/huy1/local/texlive/2025/texmf-dist/tex/latex/biblatex/blx-natbib.def
File: blx-natbib.def 2025/07/10 v3.21 biblatex compatibility (PK/MW)
Package biblatex Info: Delimiter 'nameyeardelim' in context '' already defined,
 overwriting.
)
Package biblatex Info: Trying to load bibliography style 'phys'...
Package biblatex Info: ... file 'phys.bbx' found.

(/home/huy1/local/texlive/2025/texmf-dist/tex/latex/biblatex-phys/phys.bbx
File: phys.bbx 2025/04/09 v1.1e biblatex bibliography style
Package biblatex Info: Trying to load bibliography style 'numeric-comp'...
Package biblatex Info: ... file 'numeric-comp.bbx' found.

(/home/huy1/local/texlive/2025/texmf-dist/tex/latex/biblatex/bbx/numeric-comp.b
bx
File: numeric-comp.bbx 2025/07/10 v3.21 biblatex bibliography style (PK/MW)
Package biblatex Info: Trying to load bibliography style 'numeric'...
Package biblatex Info: ... file 'numeric.bbx' found.
 (/home/huy1/local/texlive/2025/texmf-dist/tex/latex/biblatex/bbx/numeric.bbx
File: numeric.bbx 2025/07/10 v3.21 biblatex bibliography style (PK/MW)
Package biblatex Info: Trying to load bibliography style 'standard'...
Package biblatex Info: ... file 'standard.bbx' found.
(/home/huy1/local/texlive/2025/texmf-dist/tex/latex/biblatex/bbx/standard.bbx
File: standard.bbx 2025/07/10 v3.21 biblatex bibliography style (PK/MW)
\c@bbx:relatedcount=\count426
\c@bbx:relatedtotal=\count427
))))
Package biblatex Info: Trying to load citation style 'phys'...
Package biblatex Info: ... file 'phys.cbx' found.
 (/home/huy1/local/texlive/2025/texmf-dist/tex/latex/biblatex-phys/phys.cbx
File: phys.cbx 2025/04/09 v1.1e biblatex citation style
Package biblatex Info: Trying to load citation style 'numeric-comp'...
Package biblatex Info: ... file 'numeric-comp.cbx' found.

(/home/huy1/local/texlive/2025/texmf-dist/tex/latex/biblatex/cbx/numeric-comp.c
bx
File: numeric-comp.cbx 2025/07/10 v3.21 biblatex citation style (PK/MW)
\c@cbx@tempcnta=\count428
\c@cbx@tempcntb=\count429
\c@cbx@tempcntc=\count430
\c@cbx@tempcntd=\count431
Package biblatex Info: Redefining '\cite'.
Package biblatex Info: Redefining '\parencite'.
Package biblatex Info: Redefining '\footcite'.
Package biblatex Info: Redefining '\footcitetext'.
Package biblatex Info: Redefining '\smartcite'.
Package biblatex Info: Redefining '\supercite'.
Package biblatex Info: Redefining '\textcite'.
Package biblatex Info: Redefining '\textcites'.
Package biblatex Info: Redefining '\cites'.
Package biblatex Info: Redefining '\parencites'.
Package biblatex Info: Redefining '\smartcites'.
))
Package biblatex Info: Trying to load configuration file...
Package biblatex Info: ... file 'biblatex.cfg' found.
 (/home/huy1/local/texlive/2025/texmf-dist/tex/latex/biblatex/biblatex.cfg
File: biblatex.cfg 
)
Package biblatex Info: LuaTeX detected.
(biblatex)             Assuming input encoding 'utf8'.
Package biblatex Info: Document encoding is UTF8 ....
(/home/huy1/local/texlive/2025/texmf-dist/tex/latex/l3kernel/expl3.sty
Package: expl3 2025-09-02 L3 programming layer (loader) 

(/home/huy1/local/texlive/2025/texmf-dist/tex/latex/l3backend/l3backend-luatex.
def
File: l3backend-luatex.def 2025-06-09 L3 backend support: PDF output (LuaTeX)
\l__color_backend_stack_int=\count432
Inserting `l3color' in `luaotfload.parse_color'.))
Package biblatex Info: ... and expl3
(biblatex)             2025-09-02 L3 programming layer (loader) 
(biblatex)             is new enough (at least 2020/04/06),
(biblatex)             setting 'casechanger=expl3'.

(/home/huy1/local/texlive/2025/texmf-dist/tex/latex/biblatex/blx-case-expl3.sty

(/home/huy1/local/texlive/2025/texmf-dist/tex/latex/l3packages/xparse/xparse.st
y
Package: xparse 2024-08-16 L3 Experimental document command parser
)
Package: blx-case-expl3 2025/07/10 v3.21 expl3 case changing code for biblatex
)) (/home/huy1/local/texlive/2025/texmf-dist/tex/latex/hyperref/hyperref.sty
Package: hyperref 2025-07-12 v7.01o Hypertext links for LaTeX

(/home/huy1/local/texlive/2025/texmf-dist/tex/generic/kvdefinekeys/kvdefinekeys
.sty
Package: kvdefinekeys 2019-12-19 v1.6 Define keys (HO)
)
(/home/huy1/local/texlive/2025/texmf-dist/tex/generic/pdfescape/pdfescape.sty
Package: pdfescape 2019/12/09 v1.15 Implements pdfTeX's escape features (HO)
)
(/home/huy1/local/texlive/2025/texmf-dist/tex/latex/hycolor/hycolor.sty
Package: hycolor 2020-01-27 v1.10 Color options for hyperref/bookmark (HO)
)
(/home/huy1/local/texlive/2025/texmf-dist/tex/latex/hyperref/nameref.sty
Package: nameref 2025-06-21 v2.57 Cross-referencing by name of section

(/home/huy1/local/texlive/2025/texmf-dist/tex/latex/refcount/refcount.sty
Package: refcount 2019/12/15 v3.6 Data extraction from label references (HO)
)
(/home/huy1/local/texlive/2025/texmf-dist/tex/generic/gettitlestring/gettitlest
ring.sty
Package: gettitlestring 2019/12/15 v1.6 Cleanup title references (HO)
)
\c@section@level=\count433
)
(/home/huy1/local/texlive/2025/texmf-dist/tex/generic/stringenc/stringenc.sty
Package: stringenc 2019/11/29 v1.12 Convert strings between diff. encodings (HO
)
)
\@linkdim=\dimen165
\Hy@linkcounter=\count434
\Hy@pagecounter=\count435

(/home/huy1/local/texlive/2025/texmf-dist/tex/latex/hyperref/pd1enc.def
File: pd1enc.def 2025-07-12 v7.01o Hyperref: PDFDocEncoding definition (HO)
)
(/home/huy1/local/texlive/2025/texmf-dist/tex/generic/intcalc/intcalc.sty
Package: intcalc 2019/12/15 v1.3 Expandable calculations with integers (HO)
)
\Hy@SavedSpaceFactor=\count436

(/home/huy1/local/texlive/2025/texmf-dist/tex/latex/hyperref/puenc.def
File: puenc.def 2025-07-12 v7.01o Hyperref: PDF Unicode definition (HO)

(/home/huy1/local/texlive/2025/texmf-dist/tex/latex/greek-fontenc/puenc-greek.d
ef
File: puenc-greek.def 2023-09-12 2.5 Greek LICRs for PDF strings

(/home/huy1/local/texlive/2025/texmf-dist/tex/latex/greek-fontenc/greek-fontenc
.def
File: greek-fontenc.def 2023-09-12 2.5 Common Greek font encoding definitions
)
LaTeX Encoding Info:    Redeclaring text command \textmu (encoding PU) on input
 line 179.
)
LaTeX Encoding Info:    Redeclaring text command \textohm (encoding PU) on inpu
t line 1176.
)
Package hyperref Info: Hyper figures OFF on input line 4195.
Package hyperref Info: Link nesting OFF on input line 4200.
Package hyperref Info: Hyper index ON on input line 4203.
Package hyperref Info: Plain pages OFF on input line 4210.
Package hyperref Info: Backreferencing OFF on input line 4215.
Package hyperref Info: Implicit mode ON; LaTeX internals redefined.
Package hyperref Info: Bookmarks ON on input line 4462.
\c@Hy@tempcnt=\count437
LaTeX Info: Redefining \url on input line 4801.
\XeTeXLinkMargin=\dimen166
 (/home/huy1/local/texlive/2025/texmf-dist/tex/generic/bitset/bitset.sty
Package: bitset 2019/12/09 v1.3 Handle bit-vector datatype (HO)

(/home/huy1/local/texlive/2025/texmf-dist/tex/generic/bigintcalc/bigintcalc.sty
Package: bigintcalc 2019/12/15 v1.5 Expandable calculations on big integers (HO
)
))
\Fld@menulength=\count438
\Field@Width=\dimen167
\Fld@charsize=\dimen168
Package hyperref Info: Hyper figures OFF on input line 6078.
Package hyperref Info: Link nesting OFF on input line 6083.
Package hyperref Info: Hyper index ON on input line 6086.
Package hyperref Info: backreferencing OFF on input line 6093.
Package hyperref Info: Link coloring OFF on input line 6098.
Package hyperref Info: Link coloring with OCG OFF on input line 6103.
Package hyperref Info: PDF/A mode OFF on input line 6108.
\Hy@abspage=\count439
\c@Item=\count440
\c@Hfootnote=\count441
)
Package hyperref Info: Driver (autodetected): hluatex.
 (/home/huy1/local/texlive/2025/texmf-dist/tex/latex/hyperref/hluatex.def
File: hluatex.def 2025-07-12 v7.01o Hyperref driver for luaTeX
\Fld@listcount=\count442
\c@bookmark@seq@number=\count443

(/home/huy1/local/texlive/2025/texmf-dist/tex/latex/rerunfilecheck/rerunfileche
ck.sty
Package: rerunfilecheck 2025-06-21 v1.11 Rerun checks for auxiliary files (HO)

(/home/huy1/local/texlive/2025/texmf-dist/tex/generic/uniquecounter/uniquecount
er.sty
Package: uniquecounter 2019/12/15 v1.4 Provide unlimited unique counter (HO)
)
Package uniquecounter Info: New unique counter `rerunfilecheck' on input line 2
84.
)
\Hy@SectionHShift=\skip83
)
(/home/huy1/local/texlive/2025/texmf-dist/tex/latex/beamer/beamerarticle.sty
Package: beamerarticle 2025/08/13 v3.76 beamer input in article mode

(/home/huy1/local/texlive/2025/texmf-dist/tex/latex/beamer/beamerbasemodes.sty
\beamer@tempbox=\box65
\beamer@tempcount=\count444
\c@beamerpauses=\count445

(/home/huy1/local/texlive/2025/texmf-dist/tex/latex/beamer/beamerbasedecode.sty
\beamer@slideinframe=\count446
\beamer@minimum=\count447
\beamer@decode@box=\box66
)
\beamer@commentbox=\box67
\beamer@modecount=\count448
))
(/home/huy1/local/texlive/2025/texmf-dist/tex/latex/beamer/beamerbasearticle.st
y
(/home/huy1/local/texlive/2025/texmf-dist/tex/latex/beamer/beamerbaseoptions.st
y) (/home/huy1/local/texlive/2025/texmf-dist/tex/latex/xcolor/xcolor.sty
Package: xcolor 2024/09/29 v3.02 LaTeX color extensions (UK)

(/home/huy1/local/texlive/2025/texmf-dist/tex/latex/graphics-cfg/color.cfg
File: color.cfg 2016/01/02 v1.6 sample color configuration
)
Package xcolor Info: Driver file: luatex.def on input line 274.

(/home/huy1/local/texlive/2025/texmf-dist/tex/latex/graphics/mathcolor.ltx)
Package xcolor Info: Model `cmy' substituted by `cmy0' on input line 1349.
Package xcolor Info: Model `hsb' substituted by `rgb' on input line 1353.
Package xcolor Info: Model `RGB' extended on input line 1365.
Package xcolor Info: Model `HTML' substituted by `rgb' on input line 1367.
Package xcolor Info: Model `Hsb' substituted by `hsb' on input line 1368.
Package xcolor Info: Model `tHsb' substituted by `hsb' on input line 1369.
Package xcolor Info: Model `HSB' substituted by `hsb' on input line 1370.
Package xcolor Info: Model `Gray' substituted by `gray' on input line 1371.
Package xcolor Info: Model `wave' substituted by `hsb' on input line 1372.
)
(/home/huy1/local/texlive/2025/texmf-dist/tex/latex/beamer/beamerbaserequires.s
ty
(/home/huy1/local/texlive/2025/texmf-dist/tex/latex/beamer/beamerbasecompatibil
ity.sty)
(/home/huy1/local/texlive/2025/texmf-dist/tex/latex/beamer/beamerbasefont.sty)
(/home/huy1/local/texlive/2025/texmf-dist/tex/latex/beamer/beamerbasetranslator
.sty
(/home/huy1/local/texlive/2025/texmf-dist/tex/latex/translator/translator.sty
Package: translator 2021-05-31 v1.12d Easy translation of strings in LaTeX
)) (/home/huy1/local/texlive/2025/texmf-dist/tex/latex/beamer/beamerbasemisc.st
y)
(/home/huy1/local/texlive/2025/texmf-dist/tex/latex/beamer/beamerbasetwoscreens
.sty)
(/home/huy1/local/texlive/2025/texmf-dist/tex/latex/beamer/beamerbaseoverlay.st
y
\beamer@argscount=\count449
)
(/home/huy1/local/texlive/2025/texmf-dist/tex/latex/beamer/beamerbasetitle.sty)
(/home/huy1/local/texlive/2025/texmf-dist/tex/latex/beamer/beamerbasesection.st
y)
(/home/huy1/local/texlive/2025/texmf-dist/tex/latex/beamer/beamerbaseframe.sty
\c@framenumber=\count450
LaTeX Info: Redefining \\ on input line 773.
)
(/home/huy1/local/texlive/2025/texmf-dist/tex/latex/beamer/beamerbaseverbatim.s
ty)
(/home/huy1/local/texlive/2025/texmf-dist/tex/latex/beamer/beamerbaseframesize.
sty)
(/home/huy1/local/texlive/2025/texmf-dist/tex/latex/beamer/beamerbaseframecompo
nents.sty)
(/home/huy1/local/texlive/2025/texmf-dist/tex/latex/beamer/beamerbasecolor.sty) (/home/huy1/local/texlive/2025/texmf-dist/tex/latex/beamer/beamerbasenotes.sty) (/home/huy1/local/texlive/2025/texmf-dist/tex/latex/beamer/beamerbasetoc.sty)
(/home/huy1/local/texlive/2025/texmf-dist/tex/latex/beamer/beamerbasetemplates.
sty
\beamer@sbttoks=\toks30

(/home/huy1/local/texlive/2025/texmf-dist/tex/latex/beamer/beamerbaseauxtemplat
es.sty))
(/home/huy1/local/texlive/2025/texmf-dist/tex/latex/beamer/beamerbaselocalstruc
ture.sty
(/home/huy1/local/texlive/2025/texmf-dist/tex/latex/tools/enumerate.sty
Package: enumerate 2023/07/04 v3.00 enumerate extensions (DPC)
\@enLab=\toks31
))
(/home/huy1/local/texlive/2025/texmf-dist/tex/latex/beamer/beamerbasenavigation
.sty)
(/home/huy1/local/texlive/2025/texmf-dist/tex/latex/beamer/beamerbasetheorems.s
ty (/home/huy1/local/texlive/2025/texmf-dist/tex/latex/amscls/amsthm.sty
Package: amsthm 2020/05/29 v2.20.6
\thm@style=\toks32
\thm@bodyfont=\toks33
\thm@headfont=\toks34
\thm@notefont=\toks35
\thm@headpunct=\toks36
\thm@preskip=\skip84
\thm@postskip=\skip85
\thm@headsep=\skip86
\dth@everypar=\toks37
)
\c@theorem=\count451
)
(/home/huy1/local/texlive/2025/texmf-dist/tex/latex/beamer/beamerbasethemes.sty
))) (/home/huy1/local/texlive/2025/texmf-dist/tex/latex/tools/bm.sty
Package: bm 2023/12/19 v1.2f Bold Symbol Support (DPC/FMi)
\symboldoperators=\mathgroup6
\symboldletters=\mathgroup7
\symboldsymbols=\mathgroup8
Package bm Info: No bold for \OMX/cmex/m/n, using \pmb.
Package bm Info: No bold for \U/msa/m/n, using \pmb.
Package bm Info: No bold for \U/msb/m/n, using \pmb.
LaTeX Font Info:    Redeclaring math alphabet \mathbf on input line 149.
)
(/home/huy1/local/texlive/2025/texmf-dist/tex/latex/esvect/esvect.sty
Package: esvect 
\symesvector=\mathgroup9
)
(/home/huy1/local/texlive/2025/texmf-dist/tex/latex/tools/xspace.sty
Package: xspace 2014/10/28 v1.13 Space after command names (DPC,MH)
)
(/home/huy1/local/texlive/2025/texmf-dist/tex/latex/tools/multicol.sty
Package: multicol 2025/05/25 v2.0a multicolumn formatting (FMi)
\c@tracingmulticols=\count452
\mult@box=\box68
\multicol@leftmargin=\dimen169
\c@unbalance=\count453
\c@collectmore=\count454
\doublecol@number=\count455
\multicoltolerance=\count456
\multicolpretolerance=\count457
\full@width=\dimen170
\page@free=\dimen171
\premulticols=\dimen172
\postmulticols=\dimen173
\multicolsep=\skip87
\multicolbaselineskip=\skip88
\partial@page=\box69
\last@line=\box70
\mc@boxedresult=\box71
\maxbalancingoverflow=\dimen174
\mult@rightbox=\box72
\mult@grightbox=\box73
\mult@firstbox=\box74
\mult@gfirstbox=\box75
\@tempa=\box76
\@tempa=\box77
\@tempa=\box78
\@tempa=\box79
\@tempa=\box80
\@tempa=\box81
\@tempa=\box82
\@tempa=\box83
\@tempa=\box84
\@tempa=\box85
\@tempa=\box86
\@tempa=\box87
\@tempa=\box88
\@tempa=\box89
\@tempa=\box90
\@tempa=\box91
\@tempa=\box92
\@tempa=\box93
\@tempa=\box94
\@tempa=\box95
\@tempa=\box96
\@tempa=\box97
\@tempa=\box98
\@tempa=\box99
\@tempa=\box100
\@tempa=\box101
\@tempa=\box102
\@tempa=\box103
\@tempa=\box104
\@tempa=\box105
\@tempa=\box106
\@tempa=\box107
\@tempa=\box108
\@tempa=\box109
\@tempa=\box110
\@tempa=\box111
\c@minrows=\count458
\c@columnbadness=\count459
\c@finalcolumnbadness=\count460
\last@try=\dimen175
\multicolovershoot=\dimen176
\multicolundershoot=\dimen177
\mult@nat@firstbox=\box112
\colbreak@box=\box113
\mc@col@check@num=\count461
\g__mc_curr_col_int=\count462
)
(/home/huy1/local/texlive/2025/texmf-dist/tex/latex/multirow/multirow.sty
Package: multirow 2024/11/12 v2.9 Span multiple rows of a table
\multirow@colwidth=\skip89
\multirow@cntb=\count463
\multirow@dima=\skip90
\bigstrutjot=\dimen178
)
(/home/huy1/local/texlive/2025/texmf-dist/tex/latex/siunitx/siunitx.sty
Package: siunitx 2025-07-09 v3.4.14 A comprehensive (SI) units package
\l__siunitx_number_uncert_offset_int=\count464
\l__siunitx_number_exponent_fixed_int=\count465
\l__siunitx_number_min_decimal_int=\count466
\l__siunitx_number_min_integer_int=\count467
\l__siunitx_number_round_precision_int=\count468
\l__siunitx_number_lower_threshold_int=\count469
\l__siunitx_number_upper_threshold_int=\count470
\l__siunitx_number_group_first_int=\count471
\l__siunitx_number_group_size_int=\count472
\l__siunitx_number_group_minimum_int=\count473
\l__siunitx_angle_tmp_dim=\dimen179
\l__siunitx_angle_marker_box=\box114
\l__siunitx_angle_unit_box=\box115
\l__siunitx_compound_count_int=\count474

(/home/huy1/local/texlive/2025/texmf-dist/tex/latex/translations/translations.s
ty
Package: translations 2022/02/05 v1.12 internationalization of LaTeX2e packages
 (CN)
)
\l__siunitx_table_tmp_box=\box116
\l__siunitx_table_tmp_dim=\dimen180
\l__siunitx_table_column_width_dim=\dimen181
\l__siunitx_table_integer_box=\box117
\l__siunitx_table_decimal_box=\box118
\l__siunitx_table_uncert_box=\box119
\l__siunitx_table_before_box=\box120
\l__siunitx_table_after_box=\box121
\l__siunitx_table_before_dim=\dimen182
\l__siunitx_table_carry_dim=\dimen183
\l__siunitx_unit_tmp_int=\count475
\l__siunitx_unit_position_int=\count476
\l__siunitx_unit_total_int=\count477

Package siunitx Info: Option "separate-uncertainty" has been deprecated in
(siunitx)             this release.
(siunitx)             
(siunitx)             Use "uncertainty-mode = separate" as a replacement.

 (/home/huy1/local/texlive/2025/texmf-dist/tex/latex/tools/array.sty
Package: array 2025/06/08 v2.6j Tabular extension package (FMi)
\col@sep=\dimen184
\ar@mcellbox=\box122
\extrarowheight=\dimen185
\NC@list=\toks38
\extratabsurround=\skip91
\backup@length=\skip92
\ar@cellbox=\box123
))
(/home/huy1/local/texlive/2025/texmf-dist/tex/latex/booktabs/booktabs.sty
Package: booktabs 2020/01/12 v1.61803398 Publication quality tables
\heavyrulewidth=\dimen186
\lightrulewidth=\dimen187
\cmidrulewidth=\dimen188
\belowrulesep=\dimen189
\belowbottomsep=\dimen190
\aboverulesep=\dimen191
\abovetopsep=\dimen192
\cmidrulesep=\dimen193
\cmidrulekern=\dimen194
\defaultaddspace=\dimen195
\@cmidla=\count478
\@cmidlb=\count479
\@aboverulesep=\dimen196
\@belowrulesep=\dimen197
\@thisruleclass=\count480
\@lastruleclass=\count481
\@thisrulewidth=\dimen198
)
(/home/huy1/local/texlive/2025/texmf-dist/tex/generic/babel/babel.sty
Package: babel 2025/10/01 v25.13 The multilingual framework for LuaLaTeX, pdfLa
TeX and XeLaTeX

(/home/huy1/local/texlive/2025/texmf-dist/tex/generic/babel/luababel.def
\bbl@readstream=\read3
\l@dumylang=\language3
Package babel Info: Non-standard hyphenation setup on input line 118.
\l@nohyphenation=\language4
\l@german-x-2024-02-28=\language5
\l@ngerman-x-2024-02-28=\language6
\l@afrikaans=\language7
\l@albanian=\language8
\l@ancientgreek=\language9
\l@ibycus=\language10
\l@arabic=\language11
\l@armenian=\language12
\l@basque=\language13
\l@belarusian=\language14
\l@bulgarian=\language15
\l@catalan=\language16
\l@pinyin=\language17
\l@churchslavonic=\language18
\l@coptic=\language19
\l@croatian=\language20
\l@czech=\language21
\l@danish=\language22
\l@dutch=\language23
\l@ukenglish=\language24
\l@usenglishmax=\language25
\l@esperanto=\language26
\l@estonian=\language27
\l@ethiopic=\language28
\l@farsi=\language29
\l@finnish=\language30
\l@schoolfinnish=\language31
\l@french=\language32
\l@friulan=\language33
\l@galician=\language34
\l@georgian=\language35
\l@german=\language36
\l@ngerman=\language37
\l@swissgerman=\language38
\l@greek=\language39
\l@monogreek=\language40
\l@hebrew=\language41
\l@hungarian=\language42
\l@icelandic=\language43
\l@assamese=\language44
\l@bengali=\language45
\l@gujarati=\language46
\l@hindi=\language47
\l@kannada=\language48
\l@malayalam=\language49
\l@marathi=\language50
\l@oriya=\language51
\l@pali=\language52
\l@panjabi=\language53
\l@tamil=\language54
\l@telugu=\language55
\l@indonesian=\language56
\l@interlingua=\language57
\l@irish=\language58
\l@italian=\language59
\l@kurmanji=\language60
\l@classiclatin=\language61
\l@latin=\language62
\l@liturgicallatin=\language63
\l@latvian=\language64
\l@lithuanian=\language65
\l@macedonian=\language66
\l@mongolian=\language67
\l@mongolianlmc=\language68
\l@bokmal=\language69
\l@nynorsk=\language70
\l@occitan=\language71
\l@piedmontese=\language72
\l@polish=\language73
\l@portuguese=\language74
\l@romanian=\language75
\l@romansh=\language76
\l@russian=\language77
\l@sanskrit=\language78
\l@serbian=\language79
\l@serbianc=\language80
\l@slovak=\language81
\l@slovenian=\language82
\l@spanish=\language83
\l@swedish=\language84
\l@thai=\language85
\l@turkish=\language86
\l@turkmen=\language87
\l@ukrainian=\language88
\l@uppersorbian=\language89
\l@vietnamese=\language90
\l@welsh=\language91
\babelcatcodetablenum=\catcodetable14
\bbl@pattcodes=\catcodetable15
)
\babel@savecnt=\count482
LaTeX Encoding Info:    Redeclaring text command \ij (encoding OT1) on input li
ne 2045.
LaTeX Encoding Info:    Redeclaring text command \IJ (encoding OT1) on input li
ne 2047.
LaTeX Encoding Info:    Redeclaring text command \ij (encoding T1) on input lin
e 2049.
LaTeX Encoding Info:    Redeclaring text command \IJ (encoding T1) on input lin
e 2050.
LaTeX Encoding Info:    Ignoring declaration for text command \ij (encoding ?) 
on input line 2051.
LaTeX Encoding Info:    Ignoring declaration for text command \IJ (encoding ?) 
on input line 2053.
LaTeX Encoding Info:    Ignoring declaration for text command \SS (encoding ?) 
on input line 2078.
\U@D=\dimen199
\l@unhyphenated=\language92

(/home/huy1/local/texlive/2025/texmf-dist/tex/generic/babel/luababel.def
\bbl@attr@locale=\attribute4
)
(/home/huy1/local/texlive/2025/texmf-dist/tex/generic/babel-greek/greek.ldf
Language: greek 2023/10/13 1.15 Greek support for the babel system

(/home/huy1/local/texlive/2025/texmf-dist/tex/generic/babel/locale/el/babel-gre
ek.tex
Package babel Info: Importing font and identification data for greek
(babel)             from babel-el.ini. Reported on input line 12.
)
\bbl@monogreek=\count483
\bbl@polygreek=\count484
\bbl@ancientgreek=\count485

(/home/huy1/local/texlive/2025/texmf-dist/tex/latex/greek-fontenc/tuenc-greek.d
ef
File: tuenc-greek.def 2023-09-12 2.5 Greek LICRs for XeTeX and LuaTeX

(/home/huy1/local/texlive/2025/texmf-dist/tex/latex/greek-fontenc/greek-fontenc
.def
File: greek-fontenc.def 2023-09-12 2.5 Common Greek font encoding definitions
)
LaTeX Encoding Info:    Redeclaring text symbol \textmu (encoding TU) on input 
line 215.
LaTeX Encoding Info:    Redeclaring text symbol \textohm (encoding TU) on input
 line 350.
)
LaTeX Encoding Info:    Ignoring declaration for text command \textmugreek (enc
oding TU) on input line 638.

(/home/huy1/local/texlive/2025/texmf-dist/tex/generic/hyph-utf8/loadhyph/loadhy
ph-el-polyton.tex
UTF-8 Hyphenation patterns for multi-accent (polytonic) Modern Greek
(/home/huy1/local/texlive/2025/texmf-dist/tex/generic/hyph-utf8/patterns/tex/hy
ph-el-polyton.tex)))
(/home/huy1/local/texlive/2025/texmf-dist/tex/generic/babel-english/english.ldf
Language: english 2017/06/06 v3.3r English support from the babel system

(/home/huy1/local/texlive/2025/texmf-dist/tex/generic/babel/locale/en/babel-eng
lish.tex
Package babel Info: Importing font and identification data for english
(babel)             from babel-en.ini. Reported on input line 12.
)
Package babel Info: Hyphen rules for 'canadian' set to \l@english
(babel)             (\language0). Reported on input line 102.
Package babel Info: Hyphen rules for 'australian' set to \l@ukenglish
(babel)             (\language24). Reported on input line 105.
Package babel Info: Hyphen rules for 'newzealand' set to \l@ukenglish
(babel)             (\language24). Reported on input line 108.
))
(/home/huy1/local/texlive/2025/texmf-dist/tex/latex/textgreek/textgreek.sty
Package: textgreek 2011/10/09 v0.7 Greek symbols in text
Package textgreek Info: Loading the definitions for the Greek fontencoding. on 
input line 39.

(/home/huy1/local/texlive/2025/texmf-dist/tex/latex/greek-fontenc/lgrenc.def
LGR font encoding definitions already loaded)
Package textgreek Info: Loaded fontmap: {eur/*/*}{U/eur/*/*} {phv/*/*}{U/psy/*/
*}. on input line 69.
)
(/home/huy1/local/texlive/2025/texmf-dist/tex/latex/csquotes/csquotes.sty
Package: csquotes 2024-04-04 v5.2o context-sensitive quotations (JAW)
\csq@reset=\count486
\csq@gtype=\count487
\csq@glevel=\count488
\csq@qlevel=\count489
\csq@maxlvl=\count490
\csq@tshold=\count491
\csq@ltx@everypar=\toks39

(/home/huy1/local/texlive/2025/texmf-dist/tex/latex/csquotes/csquotes.def
File: csquotes.def 2024-04-04 v5.2o csquotes generic definitions (JAW)
)
Package csquotes Info: Trying to load configuration file 'csquotes.cfg'...
Package csquotes Info: ... configuration file loaded successfully.

(/home/huy1/local/texlive/2025/texmf-dist/tex/latex/csquotes/csquotes.cfg
File: csquotes.cfg 
)
Package csquotes Info: Enabling multilingual quotes.
)
(/home/huy1/local/texlive/2025/texmf-dist/tex/latex/newfloat/newfloat.sty
Package: newfloat 2023/10/01 v1.2 Defining new floating environments (AR)
Package newfloat Info: Unsupported document class, or \@chapter 
(newfloat)             was already redefined by another package.
Package newfloat Info: \@chapter = macro:->\def \Hy@next {\Hy@MakeCurrentHrefAu
to {\Hy@chapapp *}\Hy@raisedlink {\hyper@anchorstart {\@currentHref }\hyper@anc
horend }}\ifnum \c@secnumdepth >\m@ne \@ifundefined {if@mainmatter}\iftrue {\cs
name if@mainmatter\endcsname }\let \Hy@next \relax \fi \fi \Hy@next \Hy@org@cha
pter .
Package newfloat Info: \Hy@org@chapter = macro:[#1]#2->\NR@gettitle {#1}\NR@cha
pter [{#1}]{#2}.
Package newfloat Info: \algocf@original@chapter = undefined.
Package newfloat Info: `rotating' package detected.
Package newfloat Info: `wrapfig' package detected.
)
Package newfloat Info: New float `suppfigure' with options `name={Supplementary
 Figure},fileext=lsf,listname={List of Supplementary Figures}' on input line 40
.
\c@suppfigure=\count492
\newfloat@ftype=\count493
Package newfloat Info: float type `suppfigure'=8 on input line 40.
Package newfloat Info: New float `supptable' with options `name={Supplementary 
Table}, fileext=lst,listname={List of Supplementary Tables}' on input line 41.
\c@supptable=\count494
Package newfloat Info: float type `supptable'=16 on input line 41.

(/home/huy1/local/texlive/2025/texmf-dist/tex/latex/mathalpha/mathalfa.sty)
(/home/huy1/local/texlive/2025/texmf-dist/tex/latex/mathalpha/mathalpha.sty
Package: mathalpha 2025/01/17 - 1.145mathalpha (License LPPL) Michael Sharpe

`mathalpha' v1.145, 2025/01/17, a renaming of mathalfa (msharpe)
(/home/huy1/local/texlive/2025/texmf-dist/tex/latex/xkeyval/xkeyval.sty
Package: xkeyval 2022/06/16 v2.9 package option processing (HA)

(/home/huy1/local/texlive/2025/texmf-dist/tex/generic/xkeyval/xkeyval.tex
(/home/huy1/local/texlive/2025/texmf-dist/tex/generic/xkeyval/xkvutils.tex
\XKV@toks=\toks40
\XKV@tempa@toks=\toks41
)
\XKV@depth=\count495
File: xkeyval.tex 2014/12/03 v2.7a key=value parser (HA)
))
LaTeX Font Info:    Redeclaring math alphabet \mathcal on input line 464.
LaTeX Font Info:    Overwriting math alphabet `\mathcal' in version `bold'
(Font)                  U/cmsy/m/n --> U/cmsy/b/n on input line 466.
)
(/home/huy1/local/texlive/2025/texmf-dist/tex/latex/enumitem/enumitem.sty
Package: enumitem 2025/02/06 v3.11 Customized lists
\labelindent=\skip93
\enit@outerparindent=\dimen256
\enit@toks=\toks42
\enit@inbox=\box124
\enit@count@id=\count496
\enitdp@description=\count497
)
(/home/huy1/local/texlive/2025/texmf-dist/tex/latex/todonotes/todonotes.sty
Package: todonotes 2024/01/05 v1.1.7 Todonotes source and documentation.
Package: todonotes 2024/01/05

(/home/huy1/local/texlive/2025/texmf-dist/tex/latex/pgf/frontendlayer/tikz.sty
(/home/huy1/local/texlive/2025/texmf-dist/tex/latex/pgf/basiclayer/pgf.sty
(/home/huy1/local/texlive/2025/texmf-dist/tex/latex/pgf/utilities/pgfrcs.sty
(/home/huy1/local/texlive/2025/texmf-dist/tex/generic/pgf/utilities/pgfutil-com
mon.tex
\pgfutil@everybye=\toks43
\pgfutil@tempdima=\dimen257
\pgfutil@tempdimb=\dimen258
)
(/home/huy1/local/texlive/2025/texmf-dist/tex/generic/pgf/utilities/pgfutil-lat
ex.def
\pgfutil@abb=\box125
)
(/home/huy1/local/texlive/2025/texmf-dist/tex/generic/pgf/utilities/pgfrcs.code
.tex (/home/huy1/local/texlive/2025/texmf-dist/tex/generic/pgf/pgf.revision.tex
)
Package: pgfrcs 2025-08-29 v3.1.11a (3.1.11a)
))
Package: pgf 2025-08-29 v3.1.11a (3.1.11a)

(/home/huy1/local/texlive/2025/texmf-dist/tex/latex/pgf/basiclayer/pgfcore.sty
(/home/huy1/local/texlive/2025/texmf-dist/tex/latex/pgf/systemlayer/pgfsys.sty
(/home/huy1/local/texlive/2025/texmf-dist/tex/generic/pgf/systemlayer/pgfsys.co
de.tex
Package: pgfsys 2025-08-29 v3.1.11a (3.1.11a)

(/home/huy1/local/texlive/2025/texmf-dist/tex/generic/pgf/utilities/pgfkeys.cod
e.tex
\pgfkeys@pathtoks=\toks44
\pgfkeys@temptoks=\toks45

(/home/huy1/local/texlive/2025/texmf-dist/tex/generic/pgf/utilities/pgfkeyslibr
aryfiltered.code.tex
\pgfkeys@tmptoks=\toks46
))
\pgf@x=\dimen259
\pgf@y=\dimen260
\pgf@xa=\dimen261
\pgf@ya=\dimen262
\pgf@xb=\dimen263
\pgf@yb=\dimen264
\pgf@xc=\dimen265
\pgf@yc=\dimen266
\pgf@xd=\dimen267
\pgf@yd=\dimen268
\w@pgf@writea=\write4
\r@pgf@reada=\read4
\c@pgf@counta=\count498
\c@pgf@countb=\count499
\c@pgf@countc=\count500
\c@pgf@countd=\count501
\t@pgf@toka=\toks47
\t@pgf@tokb=\toks48
\t@pgf@tokc=\toks49
\pgf@sys@id@count=\count502

(/home/huy1/local/texlive/2025/texmf-dist/tex/generic/pgf/systemlayer/pgf.cfg
File: pgf.cfg 2025-08-29 v3.1.11a (3.1.11a)
)
Driver file for pgf: pgfsys-luatex.def

(/home/huy1/local/texlive/2025/texmf-dist/tex/generic/pgf/systemlayer/pgfsys-lu
atex.def
File: pgfsys-luatex.def 2025-08-29 v3.1.11a (3.1.11a)

(/home/huy1/local/texlive/2025/texmf-dist/tex/generic/pgf/systemlayer/pgfsys-co
mmon-pdf.def
File: pgfsys-common-pdf.def 2025-08-29 v3.1.11a (3.1.11a)
)))
(/home/huy1/local/texlive/2025/texmf-dist/tex/generic/pgf/systemlayer/pgfsyssof
tpath.code.tex
File: pgfsyssoftpath.code.tex 2025-08-29 v3.1.11a (3.1.11a)
\pgfsyssoftpath@smallbuffer@items=\count503
\pgfsyssoftpath@bigbuffer@items=\count504
)
(/home/huy1/local/texlive/2025/texmf-dist/tex/generic/pgf/systemlayer/pgfsyspro
tocol.code.tex
File: pgfsysprotocol.code.tex 2025-08-29 v3.1.11a (3.1.11a)
))
(/home/huy1/local/texlive/2025/texmf-dist/tex/generic/pgf/basiclayer/pgfcore.co
de.tex
Package: pgfcore 2025-08-29 v3.1.11a (3.1.11a)

(/home/huy1/local/texlive/2025/texmf-dist/tex/generic/pgf/math/pgfmath.code.tex

(/home/huy1/local/texlive/2025/texmf-dist/tex/generic/pgf/math/pgfmathutil.code
.tex)
(/home/huy1/local/texlive/2025/texmf-dist/tex/generic/pgf/math/pgfmathparser.co
de.tex
\pgfmath@dimen=\dimen269
\pgfmath@count=\count505
\pgfmath@box=\box126
\pgfmath@toks=\toks50
\pgfmath@stack@operand=\toks51
\pgfmath@stack@operation=\toks52
)
(/home/huy1/local/texlive/2025/texmf-dist/tex/generic/pgf/math/pgfmathfunctions
.code.tex)
(/home/huy1/local/texlive/2025/texmf-dist/tex/generic/pgf/math/pgfmathfunctions
.basic.code.tex)
(/home/huy1/local/texlive/2025/texmf-dist/tex/generic/pgf/math/pgfmathfunctions
.trigonometric.code.tex)
(/home/huy1/local/texlive/2025/texmf-dist/tex/generic/pgf/math/pgfmathfunctions
.random.code.tex)
(/home/huy1/local/texlive/2025/texmf-dist/tex/generic/pgf/math/pgfmathfunctions
.comparison.code.tex)
(/home/huy1/local/texlive/2025/texmf-dist/tex/generic/pgf/math/pgfmathfunctions
.base.code.tex)
(/home/huy1/local/texlive/2025/texmf-dist/tex/generic/pgf/math/pgfmathfunctions
.round.code.tex)
(/home/huy1/local/texlive/2025/texmf-dist/tex/generic/pgf/math/pgfmathfunctions
.misc.code.tex)
(/home/huy1/local/texlive/2025/texmf-dist/tex/generic/pgf/math/pgfmathfunctions
.integerarithmetics.code.tex)
(/home/huy1/local/texlive/2025/texmf-dist/tex/generic/pgf/math/pgfmathcalc.code
.tex)
(/home/huy1/local/texlive/2025/texmf-dist/tex/generic/pgf/math/pgfmathfloat.cod
e.tex
\c@pgfmathroundto@lastzeros=\count506
))
(/home/huy1/local/texlive/2025/texmf-dist/tex/generic/pgf/math/pgfint.code.tex)
(/home/huy1/local/texlive/2025/texmf-dist/tex/generic/pgf/basiclayer/pgfcorepoi
nts.code.tex
File: pgfcorepoints.code.tex 2025-08-29 v3.1.11a (3.1.11a)
\pgf@picminx=\dimen270
\pgf@picmaxx=\dimen271
\pgf@picminy=\dimen272
\pgf@picmaxy=\dimen273
\pgf@pathminx=\dimen274
\pgf@pathmaxx=\dimen275
\pgf@pathminy=\dimen276
\pgf@pathmaxy=\dimen277
\pgf@xx=\dimen278
\pgf@xy=\dimen279
\pgf@yx=\dimen280
\pgf@yy=\dimen281
\pgf@zx=\dimen282
\pgf@zy=\dimen283
)
(/home/huy1/local/texlive/2025/texmf-dist/tex/generic/pgf/basiclayer/pgfcorepat
hconstruct.code.tex
File: pgfcorepathconstruct.code.tex 2025-08-29 v3.1.11a (3.1.11a)
\pgf@path@lastx=\dimen284
\pgf@path@lasty=\dimen285
)
(/home/huy1/local/texlive/2025/texmf-dist/tex/generic/pgf/basiclayer/pgfcorepat
husage.code.tex
File: pgfcorepathusage.code.tex 2025-08-29 v3.1.11a (3.1.11a)
\pgf@shorten@end@additional=\dimen286
\pgf@shorten@start@additional=\dimen287
)
(/home/huy1/local/texlive/2025/texmf-dist/tex/generic/pgf/basiclayer/pgfcoresco
pes.code.tex
File: pgfcorescopes.code.tex 2025-08-29 v3.1.11a (3.1.11a)
\pgfpic=\box127
\pgf@hbox=\box128
\pgf@layerbox@main=\box129
\pgf@picture@serial@count=\count507
)
(/home/huy1/local/texlive/2025/texmf-dist/tex/generic/pgf/basiclayer/pgfcoregra
phicstate.code.tex
File: pgfcoregraphicstate.code.tex 2025-08-29 v3.1.11a (3.1.11a)
\pgflinewidth=\dimen288
)
(/home/huy1/local/texlive/2025/texmf-dist/tex/generic/pgf/basiclayer/pgfcoretra
nsformations.code.tex
File: pgfcoretransformations.code.tex 2025-08-29 v3.1.11a (3.1.11a)
\pgf@pt@x=\dimen289
\pgf@pt@y=\dimen290
\pgf@pt@temp=\dimen291
)
(/home/huy1/local/texlive/2025/texmf-dist/tex/generic/pgf/basiclayer/pgfcorequi
ck.code.tex
File: pgfcorequick.code.tex 2025-08-29 v3.1.11a (3.1.11a)
)
(/home/huy1/local/texlive/2025/texmf-dist/tex/generic/pgf/basiclayer/pgfcoreobj
ects.code.tex
File: pgfcoreobjects.code.tex 2025-08-29 v3.1.11a (3.1.11a)
)
(/home/huy1/local/texlive/2025/texmf-dist/tex/generic/pgf/basiclayer/pgfcorepat
hprocessing.code.tex
File: pgfcorepathprocessing.code.tex 2025-08-29 v3.1.11a (3.1.11a)
)
(/home/huy1/local/texlive/2025/texmf-dist/tex/generic/pgf/basiclayer/pgfcorearr
ows.code.tex
File: pgfcorearrows.code.tex 2025-08-29 v3.1.11a (3.1.11a)
\pgfarrowsep=\dimen292
)
(/home/huy1/local/texlive/2025/texmf-dist/tex/generic/pgf/basiclayer/pgfcoresha
de.code.tex
File: pgfcoreshade.code.tex 2025-08-29 v3.1.11a (3.1.11a)
\pgf@max=\dimen293
\pgf@sys@shading@range@num=\count508
\pgf@shadingcount=\count509
)
(/home/huy1/local/texlive/2025/texmf-dist/tex/generic/pgf/basiclayer/pgfcoreima
ge.code.tex
File: pgfcoreimage.code.tex 2025-08-29 v3.1.11a (3.1.11a)
)
(/home/huy1/local/texlive/2025/texmf-dist/tex/generic/pgf/basiclayer/pgfcoreext
ernal.code.tex
File: pgfcoreexternal.code.tex 2025-08-29 v3.1.11a (3.1.11a)
\pgfexternal@startupbox=\box130
)
(/home/huy1/local/texlive/2025/texmf-dist/tex/generic/pgf/basiclayer/pgfcorelay
ers.code.tex
File: pgfcorelayers.code.tex 2025-08-29 v3.1.11a (3.1.11a)
)
(/home/huy1/local/texlive/2025/texmf-dist/tex/generic/pgf/basiclayer/pgfcoretra
nsparency.code.tex
File: pgfcoretransparency.code.tex 2025-08-29 v3.1.11a (3.1.11a)
)
(/home/huy1/local/texlive/2025/texmf-dist/tex/generic/pgf/basiclayer/pgfcorepat
terns.code.tex
File: pgfcorepatterns.code.tex 2025-08-29 v3.1.11a (3.1.11a)
)
(/home/huy1/local/texlive/2025/texmf-dist/tex/generic/pgf/basiclayer/pgfcorerdf
.code.tex
File: pgfcorerdf.code.tex 2025-08-29 v3.1.11a (3.1.11a)
)))
(/home/huy1/local/texlive/2025/texmf-dist/tex/generic/pgf/modules/pgfmoduleshap
es.code.tex
File: pgfmoduleshapes.code.tex 2025-08-29 v3.1.11a (3.1.11a)
\pgfnodeparttextbox=\box131
)
(/home/huy1/local/texlive/2025/texmf-dist/tex/generic/pgf/modules/pgfmoduleplot
.code.tex
File: pgfmoduleplot.code.tex 2025-08-29 v3.1.11a (3.1.11a)
)
(/home/huy1/local/texlive/2025/texmf-dist/tex/latex/pgf/compatibility/pgfcomp-v
ersion-0-65.sty
Package: pgfcomp-version-0-65 2025-08-29 v3.1.11a (3.1.11a)
\pgf@nodesepstart=\dimen294
\pgf@nodesepend=\dimen295
)
(/home/huy1/local/texlive/2025/texmf-dist/tex/latex/pgf/compatibility/pgfcomp-v
ersion-1-18.sty
Package: pgfcomp-version-1-18 2025-08-29 v3.1.11a (3.1.11a)
))
(/home/huy1/local/texlive/2025/texmf-dist/tex/latex/pgf/utilities/pgffor.sty
(/home/huy1/local/texlive/2025/texmf-dist/tex/latex/pgf/utilities/pgfkeys.sty
(/home/huy1/local/texlive/2025/texmf-dist/tex/generic/pgf/utilities/pgfkeys.cod
e.tex))
(/home/huy1/local/texlive/2025/texmf-dist/tex/latex/pgf/math/pgfmath.sty
(/home/huy1/local/texlive/2025/texmf-dist/tex/generic/pgf/math/pgfmath.code.tex
))
(/home/huy1/local/texlive/2025/texmf-dist/tex/generic/pgf/utilities/pgffor.code
.tex
Package: pgffor 2025-08-29 v3.1.11a (3.1.11a)
\pgffor@iter=\dimen296
\pgffor@skip=\dimen297
\pgffor@stack=\toks53
\pgffor@toks=\toks54
))
(/home/huy1/local/texlive/2025/texmf-dist/tex/generic/pgf/frontendlayer/tikz/ti
kz.code.tex
Package: tikz 2025-08-29 v3.1.11a (3.1.11a)

(/home/huy1/local/texlive/2025/texmf-dist/tex/generic/pgf/libraries/pgflibraryp
lothandlers.code.tex
File: pgflibraryplothandlers.code.tex 2025-08-29 v3.1.11a (3.1.11a)
\pgf@plot@mark@count=\count510
\pgfplotmarksize=\dimen298
)
\tikz@lastx=\dimen299
\tikz@lasty=\dimen300
\tikz@lastxsaved=\dimen301
\tikz@lastysaved=\dimen302
\tikz@lastmovetox=\dimen303
\tikz@lastmovetoy=\dimen304
\tikzleveldistance=\dimen305
\tikzsiblingdistance=\dimen306
\tikz@figbox=\box132
\tikz@figbox@bg=\box133
\tikz@tempbox=\box134
\tikz@tempbox@bg=\box135
\tikztreelevel=\count511
\tikznumberofchildren=\count512
\tikznumberofcurrentchild=\count513
\tikz@fig@count=\count514

(/home/huy1/local/texlive/2025/texmf-dist/tex/generic/pgf/modules/pgfmodulematr
ix.code.tex
File: pgfmodulematrix.code.tex 2025-08-29 v3.1.11a (3.1.11a)
\pgfmatrixcurrentrow=\count515
\pgfmatrixcurrentcolumn=\count516
\pgf@matrix@numberofcolumns=\count517
)
\tikz@expandcount=\count518

(/home/huy1/local/texlive/2025/texmf-dist/tex/generic/pgf/frontendlayer/tikz/li
braries/tikzlibrarytopaths.code.tex
File: tikzlibrarytopaths.code.tex 2025-08-29 v3.1.11a (3.1.11a)
)))
(/home/huy1/local/texlive/2025/texmf-dist/tex/generic/pgf/frontendlayer/tikz/li
braries/tikzlibrarypositioning.code.tex
File: tikzlibrarypositioning.code.tex 2025-08-29 v3.1.11a (3.1.11a)
)
(/home/huy1/local/texlive/2025/texmf-dist/tex/latex/tools/calc.sty
Package: calc 2025/03/01 v4.3b Infix arithmetic (KKT,FJ)
\calc@Acount=\count519
\calc@Bcount=\count520
\calc@Adimen=\dimen307
\calc@Bdimen=\dimen308
\calc@Askip=\skip94
\calc@Bskip=\skip95
LaTeX Info: Redefining \setlength on input line 86.
LaTeX Info: Redefining \addtolength on input line 87.
\calc@Ccount=\count521
\calc@Cskip=\skip96
)
\c@@todonotes@numberoftodonotes=\count522
)
(/home/huy1/local/texlive/2025/texmf-dist/tex/latex/lineno/lineno.sty
Package: lineno 2025/05/13 line numbers on paragraphs v5.5
\linenopenalty=\count523
\output=\toks55
\linenoprevgraf=\count524
\linenumbersep=\dimen309
\linenumberwidth=\dimen310
\c@linenumber=\count525
\c@pagewiselinenumber=\count526
\c@LN@truepage=\count527
\c@internallinenumber=\count528
\c@internallinenumbers=\count529
\quotelinenumbersep=\dimen311
\bframerule=\dimen312
\bframesep=\dimen313
\bframebox=\box136
\@LN@amsmath@ams@eqpen=\count530


LaTeX Warning: Command \@parboxrestore  has changed.
               Check if current package is valid.

) (/home/huy1/local/texlive/2025/texmf-dist/tex/latex/geometry/geometry.sty
Package: geometry 2020/01/02 v5.9 Page Geometry

(/home/huy1/local/texlive/2025/texmf-dist/tex/generic/iftex/ifvtex.sty
Package: ifvtex 2019/10/25 v1.7 ifvtex legacy package. Use iftex instead.
)
\Gm@cnth=\count531
\Gm@cntv=\count532
\c@Gm@tempcnt=\count533
\Gm@bindingoffset=\dimen314
\Gm@wd@mp=\dimen315
\Gm@odd@mp=\dimen316
\Gm@even@mp=\dimen317
\Gm@layoutwidth=\dimen318
\Gm@layoutheight=\dimen319
\Gm@layouthoffset=\dimen320
\Gm@layoutvoffset=\dimen321
\Gm@dimlist=\toks56
)
(/home/huy1/local/texlive/2025/texmf-dist/tex/latex/tools/tabularx.sty
Package: tabularx 2023/12/11 v2.12a `tabularx' package (DPC)
\TX@col@width=\dimen322
\TX@old@table=\dimen323
\TX@old@col=\dimen324
\TX@target=\dimen325
\TX@delta=\dimen326
\TX@cols=\count534
\TX@ftn=\toks57
)
(/home/huy1/local/texlive/2025/texmf-dist/tex/latex/adjustbox/adjustbox.sty
Package: adjustbox 2025/02/26 v1.3c Adjusting TeX boxes (trim, clip, ...)

(/home/huy1/local/texlive/2025/texmf-dist/tex/latex/adjustbox/adjcalc.sty
Package: adjcalc 2012/05/16 v1.1 Provides advanced setlength with multiple back
-ends (calc, etex, pgfmath)
)
(/home/huy1/local/texlive/2025/texmf-dist/tex/latex/adjustbox/trimclip.sty
Package: trimclip 2025/02/21 v1.2a Trim and clip general TeX material

(/home/huy1/local/texlive/2025/texmf-dist/tex/latex/collectbox/collectbox.sty
Package: collectbox 2022/10/17 v0.4c Collect macro arguments as boxes
\collectedbox=\box137
)
\tc@llx=\dimen327
\tc@lly=\dimen328
\tc@urx=\dimen329
\tc@ury=\dimen330
Package trimclip Info: Using driver 'tc-luatex.def'.

(/home/huy1/local/texlive/2025/texmf-dist/tex/latex/adjustbox/tc-luatex.def
File: tc-luatex.def 2025/02/26 v1.1 Clipping driver for luatex

(/home/huy1/local/texlive/2025/texmf-dist/tex/latex/adjustbox/tc-pdftex.def
File: tc-pdftex.def 2025/02/26 v2.3 Clipping driver for pdftex
)))
\adjbox@Width=\dimen331
\adjbox@Height=\dimen332
\adjbox@Depth=\dimen333
\adjbox@Totalheight=\dimen334
\adjbox@pwidth=\dimen335
\adjbox@pheight=\dimen336
\adjbox@pdepth=\dimen337
\adjbox@ptotalheight=\dimen338

(/home/huy1/local/texlive/2025/texmf-dist/tex/latex/ifoddpage/ifoddpage.sty
Package: ifoddpage 2022/10/18 v1.2 Conditionals for odd/even page detection
\c@checkoddpage=\count535
)
(/home/huy1/local/texlive/2025/texmf-dist/tex/latex/varwidth/varwidth.sty
Package: varwidth 2009/03/30 ver 0.92;  Variable-width minipages
\@vwid@box=\box138
\sift@deathcycles=\count536
\@vwid@loff=\dimen339
\@vwid@roff=\dimen340
)
==> First Aid for varwidth.sty applied!
) (/home/huy1/local/texlive/2025/texmf-dist/tex/latex/tabu/tabu.sty
Package: tabu 2019/01/11 v2.9 - flexible LaTeX tabulars (FC+tabu-fixed)
\c@taburow=\count537
\tabu@nbcols=\count538
\tabu@cnt=\count539
\tabu@Xcol=\count540
\tabu@alloc=\count541
\tabu@nested=\count542
\tabu@target=\dimen341
\tabu@spreadtarget=\dimen342
\tabu@naturalX=\dimen343
\tabucolX=\dimen344
\tabu@Xsum=\dimen345
\extrarowdepth=\dimen346
\abovetabulinesep=\dimen347
\belowtabulinesep=\dimen348
\tabustrutrule=\dimen349
\tabu@thebody=\toks58
\tabu@footnotes=\toks59
\tabu@box=\box139
\tabu@arstrutbox=\box140
\tabu@hleads=\box141
\tabu@vleads=\box142
\tabu@cellskip=\skip97
)
(/home/huy1/local/texlive/2025/texmf-dist/tex/latex/marginnote/marginnote.sty
Package: marginnote 2018/08/09 1.4b non floating margin notes for LaTeX
\c@mn@abspage=\count543
)
Package csquotes Info: Checking for multilingual support...
Package csquotes Info: ... found 'babel' package.


LaTeX Warning: Unused global option(s):
    [xcolor].

(./biomass_ipm.aux)
\openout1 = biomass_ipm.aux

LaTeX Font Info:    Checking defaults for OML/cmm/m/it on input line 80.
LaTeX Font Info:    ... okay on input line 80.
LaTeX Font Info:    Checking defaults for OMS/cmsy/m/n on input line 80.
LaTeX Font Info:    ... okay on input line 80.
LaTeX Font Info:    Checking defaults for OT1/cmr/m/n on input line 80.
LaTeX Font Info:    ... okay on input line 80.
LaTeX Font Info:    Checking defaults for T1/cmr/m/n on input line 80.
LaTeX Font Info:    ... okay on input line 80.
LaTeX Font Info:    Checking defaults for TS1/cmr/m/n on input line 80.
LaTeX Font Info:    ... okay on input line 80.
LaTeX Font Info:    Checking defaults for TU/lmr/m/n on input line 80.
LaTeX Font Info:    ... okay on input line 80.
LaTeX Font Info:    Checking defaults for OMX/cmex/m/n on input line 80.
LaTeX Font Info:    ... okay on input line 80.
LaTeX Font Info:    Checking defaults for U/cmr/m/n on input line 80.
LaTeX Font Info:    ... okay on input line 80.
LaTeX Font Info:    Checking defaults for LGR/cmr/m/n on input line 80.
LaTeX Font Info:    Trying to load font information for LGR+cmr on input line 8
0.

(/home/huy1/local/texlive/2025/texmf-dist/tex/latex/cbfonts-fd/lgrcmr.fd
File: lgrcmr.fd 2017/07/29 v1.2 Greek European Computer Regular
)
LaTeX Font Info:    ... okay on input line 80.
LaTeX Font Info:    Checking defaults for PD1/pdf/m/n on input line 80.
LaTeX Font Info:    ... okay on input line 80.
LaTeX Font Info:    Checking defaults for PU/pdf/m/n on input line 80.
LaTeX Font Info:    ... okay on input line 80.

(/home/huy1/local/texlive/2025/texmf-dist/tex/context/base/mkii/supp-pdf.mkii
[Loading MPS to PDF converter (version 2006.09.02).]
\scratchcounter=\count544
\scratchdimen=\dimen350
\scratchbox=\box143
\nofMPsegments=\count545
\nofMParguments=\count546
\everyMPshowfont=\toks60
\MPscratchCnt=\count547
\MPscratchDim=\dimen351
\MPnumerator=\count548
\makeMPintoPDFobject=\count549
\everyMPtoPDFconversion=\toks61
)
(/home/huy1/local/texlive/2025/texmf-dist/tex/latex/epstopdf-pkg/epstopdf-base.
sty
Package: epstopdf-base 2020-01-24 v2.11 Base part for package epstopdf
Package epstopdf-base Info: Redefining graphics rule for `.eps' on input line 4
85.

(/home/huy1/local/texlive/2025/texmf-dist/tex/latex/latexconfig/epstopdf-sys.cf
g
File: epstopdf-sys.cfg 2010/07/13 v1.3 Configuration of (r)epstopdf for TeX Liv
e
))
Package biblatex Info: Trying to load language 'english'...
Package biblatex Info: ... file 'english.lbx' found.

(/home/huy1/local/texlive/2025/texmf-dist/tex/latex/biblatex/lbx/english.lbx
File: english.lbx 2025/07/10 v3.21 biblatex localization (PK/MW)
)
Package biblatex Info: Trying to load language 'greek'...
Package biblatex Info: ... file 'greek.lbx' found.

(/home/huy1/local/texlive/2025/texmf-dist/tex/latex/biblatex/lbx/greek.lbx
File: greek.lbx 2025/07/10 v3.21 biblatex localization (PK/MW)
)
Package biblatex Info: LuaTeX detected.
(biblatex)             Assuming input encoding 'utf8'.
Package biblatex Info: Automatic encoding selection.
(biblatex)             Assuming data encoding 'utf8'.

\openout3 = biomass_ipm.bcf
Package biblatex Info: Trying to load bibliographic data...
Package biblatex Info: ... file 'biomass_ipm.bbl' found.

(./biomass_ipm.bbl

Package biblatex Warning: The following entry could not be found
(biblatex)                in the database:
(biblatex)                astmg115-10GuideMeasuringReporting2018
(biblatex)                Please verify the spelling and rerun
(biblatex)                LaTeX afterwards.

)
Package biblatex Info: Reference section=0 on input line 80.
Package biblatex Info: Reference segment=0 on input line 80.
Package hyperref Info: Link coloring OFF on input line 80.
 (./biomass_ipm.out) (./biomass_ipm.out)
\@outlinefile=\write5

\openout5 = biomass_ipm.out

(/home/huy1/local/texlive/2025/texmf-dist/tex/latex/translator/translator-basic
-dictionary-English.dict
Dictionary: translator-basic-dictionary, Language: English 
)
(/home/huy1/local/texlive/2025/texmf-dist/tex/latex/translator/translator-bibli
ography-dictionary-English.dict
Dictionary: translator-bibliography-dictionary, Language: English 
)
(/home/huy1/local/texlive/2025/texmf-dist/tex/latex/translator/translator-envir
onment-dictionary-English.dict
Dictionary: translator-environment-dictionary, Language: English 
)
(/home/huy1/local/texlive/2025/texmf-dist/tex/latex/translator/translator-month
s-dictionary-English.dict
Dictionary: translator-months-dictionary, Language: English 
)
(/home/huy1/local/texlive/2025/texmf-dist/tex/latex/translator/translator-numbe
rs-dictionary-English.dict
Dictionary: translator-numbers-dictionary, Language: English 
)
(/home/huy1/local/texlive/2025/texmf-dist/tex/latex/translator/translator-theor
em-dictionary-English.dict
Dictionary: translator-theorem-dictionary, Language: English 
)
(/home/huy1/local/texlive/2025/texmf-dist/tex/latex/translations/translations-b
asic-dictionary-english.trsl
File: translations-basic-dictionary-english.trsl (english translation file `tra
nslations-basic-dictionary')
)
Package translations Info: loading dictionary `translations-basic-dictionary' f
or `english'. on input line 80.
Package translations Info: no dictionary file `translations-basic-dictionary-gr
eek.trsl' found. on input line 80.
Package newfloat Info: Trying Plan B...

*geometry* driver: auto-detecting
*geometry* detected driver: luatex
*geometry* verbose mode - [ preamble ] result:
* driver: luatex
* paper: <default>
* layout: <same size as paper>
* layoutoffset:(h,v)=(0.0pt,0.0pt)
* modes: 
* h-part:(L,W,R)=(83.11005pt, 448.0749pt, 83.11005pt)
* v-part:(T,H,B)=(83.11005pt, 628.7499pt, 83.11005pt)
* \paperwidth=614.295pt
* \paperheight=794.96999pt
* \textwidth=448.0749pt
* \textheight=628.7499pt
* \oddsidemargin=10.84006pt
* \evensidemargin=10.84006pt
* \topmargin=-26.15994pt
* \headheight=12.0pt
* \headsep=25.0pt
* \topskip=10.0pt
* \footskip=30.0pt
* \marginparwidth=65.0pt
* \marginparsep=11.0pt
* \columnsep=10.0pt
* \skip\footins=9.0pt plus 4.0pt minus 2.0pt
* \hoffset=0.0pt
* \voffset=0.0pt
* \mag=1000
* \@twocolumnfalse
* \@twosidefalse
* \@mparswitchfalse
* \@reversemarginfalse
* (1in=72.27pt=25.4mm, 1cm=28.453pt)

LaTeX Font Info:    Trying to load font information for T1+lmss on input line 8
3.
(/home/huy1/local/texlive/2025/texmf-dist/tex/latex/lm/t1lmss.fd
File: t1lmss.fd 2015/05/01 v1.6.1 Font defs for Latin Modern
)
LaTeX Font Info:    Trying to load font information for U+msa on input line 83.


(/home/huy1/local/texlive/2025/texmf-dist/tex/latex/amsfonts/umsa.fd
File: umsa.fd 2013/01/14 v3.01 AMS symbols A
)
LaTeX Font Info:    Trying to load font information for U+msb on input line 83.


(/home/huy1/local/texlive/2025/texmf-dist/tex/latex/amsfonts/umsb.fd
File: umsb.fd 2013/01/14 v3.01 AMS symbols B
)
LaTeX Font Info:    Trying to load font information for U+esvect on input line 
83.

(/home/huy1/local/texlive/2025/texmf-dist/tex/latex/esvect/uesvect.fd
File: uesvect.fd 
)

[1

{/home/huy1/local/texlive/2025/texmf-var/fonts/map/pdftex/updmap/pdftex.map}]
<./figures/biomass_multiscale_schematic.png, id=103, 662.256pt x 367.5915pt>
File: ./figures/biomass_multiscale_schematic.png Graphic file (type png)
<use ./figures/biomass_multiscale_schematic.png>
Package luatex.def Info: ./figures/biomass_multiscale_schematic.png  used on in
put line 114.
(luatex.def)             Requested size: 358.06764pt x 198.7425pt.


[2]

LaTeX Warning: Citation 'astmg115-10GuideMeasuringReporting2018' on page 3 unde
fined on input line 129.


Overfull \hbox (160.14172pt too wide) in paragraph at lines 129--134
[]\T1/lmr/m/n/10 There ex-ists a ASTM stan-dards con-cern-ing the mea-sur-ing fr
ic-tion co-ef-fi-cient in-clud-ing [].
 []



[3<./figures/biomass_multiscale_schematic.png>]

[4]
<figures/image2.png, id=150, 322.806pt x 215.8464pt>
File: figures/image2.png Graphic file (type png)
<use figures/image2.png>
Package luatex.def Info: figures/image2.png  used on input line 156.
(luatex.def)             Requested size: 403.26468pt x 269.66241pt.


[5

<./figures/image2.png>]
Missing character: There is no  (U+2264) in font ec-lmr10!
Missing character: There is no  (U+2264) in font ec-lmr10!
Missing character: There is no  (U+2014) in font ec-lmr10!
Missing character: There is no  (U+2264) in font ec-lmr10!
Missing character: There is no  (U+2264) in font ec-lmr10!
Missing character: There is no  (U+2014) in font ec-lmr10!


[6


Missing character: There is no  (U+2264) in font ec-lmr10!
Missing character: There is no  (U+2264) in font ec-lmr10!
Missing character: There is no  (U+2014) in font ec-lmr10!
]

[7]

[8

]

[9]
<figures/image3.png, id=195, 469.755pt x 139.941pt>
File: figures/image3.png Graphic file (type png)
<use figures/image3.png>
Package luatex.def Info: figures/image3.png  used on input line 262.
(luatex.def)             Requested size: 403.26468pt x 120.13336pt.


[10

<./figures/image3.png>]
Missing character: There is no  (U+2122) in font ec-lmr10!
Missing character: There is no  (U+2122) in font ec-lmr10!


[11


Missing character: There is no  (U+2122) in font ec-lmr10!
]
<figures/image4.jpg, id=217, 235.206pt x 137.313pt>
File: figures/image4.jpg Graphic file (type jpg)
<use figures/image4.jpg>
Package luatex.def Info: figures/image4.jpg  used on input line 301.
(luatex.def)             Requested size: 403.26468pt x 235.4425pt.


[12

]

[13<./figures/image4.jpg>]
Missing character: There is no  (U+2019) in font ec-lmr10!
Missing character: There is no  (U+2019) in font ec-lmr10!


[14
Missing character: There is no  (U+2019) in font ec-lmr10!
]
<./figures/figure06_pp_ipm_raw_measurements.png, id=243, 433.62pt x 289.08pt>
File: ./figures/figure06_pp_ipm_raw_measurements.png Graphic file (type png)
<use ./figures/figure06_pp_ipm_raw_measurements.png>
Package luatex.def Info: ./figures/figure06_pp_ipm_raw_measurements.png  used o
n input line 368.
(luatex.def)             Requested size: 298.11302pt x 198.7425pt.

Missing character: There is no  (U+2019) in font ec-lmr10!
Missing character: There is no  (U+2019) in font ec-lmr10!
Missing character: There is no  (U+2019) in font ec-lmr10!


[15


Missing character: There is no  (U+2019) in font ec-lmr10!
<./figures/figure06_pp_ipm_raw_measurements.png>]
<./figures/pp_pp_comb_ipm_coeffs_box_plts.png, id=258, 578.16pt x 433.62pt>
File: ./figures/pp_pp_comb_ipm_coeffs_box_plts.png Graphic file (type png)
<use ./figures/pp_pp_comb_ipm_coeffs_box_plts.png>
Package luatex.def Info: ./figures/pp_pp_comb_ipm_coeffs_box_plts.png  used on 
input line 396.
(luatex.def)             Requested size: 385.45964pt x 289.07999pt.


[16<./figures/pp_pp_comb_ipm_coeffs_box_plts.png>]
<./figures/typical_result_cs_two_cases.png, id=274, 650.43pt x 867.24pt>
File: ./figures/typical_result_cs_two_cases.png Graphic file (type png)
<use ./figures/typical_result_cs_two_cases.png>
Package luatex.def Info: ./figures/typical_result_cs_two_cases.png  used on inp
ut line 405.
(luatex.def)             Requested size: 403.26468pt x 537.69649pt.
Package marginnote Info: Margin note 17.1 is on absolute page 17 on input line 
411.
Package marginnote Info: right page because not two side mode on input line 411
.
Package marginnote Info: xpos seems to be 423.26108pt on input line 411.

Overfull \hbox (4.00073pt too wide) in paragraph at lines 411--411
\T1/lmr/m/n/10 cal_stalk_stalk 
 []

Missing character: There is no  (U+2019) in font ec-lmr10!
Missing character: There is no  (U+0119) in font ec-lmr10!
Missing character: There is no  (U+0142) in font ec-lmr10!
Missing character: There is no  (U+2019) in font ec-lmr10!
Missing character: There is no  (U+0119) in font ec-lmr10!
Missing character: There is no  (U+0142) in font ec-lmr10!


[17


Missing character: There is no  (U+2019) in font ec-lmr10!
Missing character: There is no  (U+0119) in font ec-lmr10!
Missing character: There is no  (U+0142) in font ec-lmr10!
]

LaTeX Warning: Text page 18 contains only floats.



[18<./figures/typical_result_cs_two_cases.png>]
<./figures/cs_cs_same_fraction_coeff_mu_box_plt.png, id=289, 578.16pt x 433.62p
t>
File: ./figures/cs_cs_same_fraction_coeff_mu_box_plt.png Graphic file (type png
)
<use ./figures/cs_cs_same_fraction_coeff_mu_box_plt.png>
Package luatex.def Info: ./figures/cs_cs_same_fraction_coeff_mu_box_plt.png  us
ed on input line 423.
(luatex.def)             Requested size: 385.45964pt x 289.07999pt.


[19

<./figures/cs_cs_same_fraction_coeff_mu_box_plt.png>]
<./figures/cs_cs_same_fraction_coeff_c_box_plt.png, id=295, 578.16pt x 433.62pt
>
File: ./figures/cs_cs_same_fraction_coeff_c_box_plt.png Graphic file (type png)

<use ./figures/cs_cs_same_fraction_coeff_c_box_plt.png>
Package luatex.def Info: ./figures/cs_cs_same_fraction_coeff_c_box_plt.png  use
d on input line 431.
(luatex.def)             Requested size: 385.45964pt x 289.07999pt.


[20<./figures/cs_cs_same_fraction_coeff_c_box_plt.png>]
Missing character: There is no  (U+03BC) in font ec-lmr8!
Missing character: There is no  (U+03BC) in font ec-lmr8!
Missing character: There is no  (U+03BC) in font ec-lmr8!
Missing character: There is no  (U+03BC) in font ec-lmr8!
Missing character: There is no  (U+03BC) in font ec-lmr8!
Missing character: There is no  (U+03BC) in font ec-lmr8!


[21
Missing character: There is no  (U+03BC) in font ec-lmr8!
Missing character: There is no  (U+03BC) in font ec-lmr8!
Missing character: There is no  (U+03BC) in font ec-lmr8!
]

[22]
Missing character: There is no  (U+2013) in font ec-lmr8!
Missing character: There is no  (U+03BC) in font ec-lmr8!
Missing character: There is no  (U+2248) in font ec-lmr8!
Missing character: There is no  (U+2013) in font ec-lmr8!
Missing character: There is no  (U+03BC) in font ec-lmr8!
Missing character: There is no  (U+2248) in font ec-lmr8!
Missing character: There is no  (U+2013) in font ec-lmr8!
Missing character: There is no  (U+2013) in font ec-lmr8!
Missing character: There is no  (U+03BC) in font ec-lmr8!
Missing character: There is no  (U+2010) in font ec-lmr8!
Missing character: There is no  (U+2013) in font ec-lmr8!
Missing character: There is no  (U+2013) in font ec-lmr8!
Missing character: There is no  (U+03BC) in font ec-lmr8!
Missing character: There is no  (U+2010) in font ec-lmr8!
Missing character: There is no  (U+2013) in font ec-lmr8!
Missing character: There is no  (U+2019) in font ec-lmr8!
Missing character: There is no  (U+03BC) in font ec-lmr8!
Missing character: There is no  (U+2013) in font ec-lmr8!
Missing character: There is no  (U+2019) in font ec-lmr8!
Missing character: There is no  (U+03BC) in font ec-lmr8!
Missing character: There is no  (U+03BC) in font ec-lmr8!
Missing character: There is no  (U+2013) in font ec-lmr8!
Missing character: There is no  (U+03BC) in font ec-lmr8!
Missing character: There is no  (U+03BC) in font ec-lmr8!
Missing character: There is no  (U+2013) in font ec-lmr8!
Missing character: There is no  (U+03BC) in font ec-lmr8!
Missing character: There is no  (U+2010) in font ec-lmr8!
Missing character: There is no  (U+2013) in font ec-lmr8!
Missing character: There is no  (U+03BC) in font ec-lmr8!
Missing character: There is no  (U+2010) in font ec-lmr8!
Missing character: There is no  (U+2013) in font ec-lmr8!
Missing character: There is no  (U+03BC) in font ec-lmr8!
Missing character: There is no  (U+2013) in font ec-lmr8!
Missing character: There is no  (U+2013) in font ec-lmr8!
Missing character: There is no  (U+03BC) in font ec-lmr8!
Missing character: There is no  (U+2013) in font ec-lmr8!
Missing character: There is no  (U+2019) in font ec-lmr8!
Missing character: There is no  (U+2013) in font ec-lmr8!
Missing character: There is no  (U+2013) in font ec-lmr8!
Missing character: There is no  (U+03BC) in font ec-lmr8!
Missing character: There is no  (U+2013) in font ec-lmr8!
Missing character: There is no  (U+2019) in font ec-lmr8!
Missing character: There is no  (U+2013) in font ec-lmr8!
Missing character: There is no  (U+201C) in font ec-lmr8!
Missing character: There is no  (U+201D) in font ec-lmr8!
Missing character: There is no  (U+2013) in font ec-lmr8!
Missing character: There is no  (U+201C) in font ec-lmr8!
Missing character: There is no  (U+201D) in font ec-lmr8!
Missing character: There is no  (U+2013) in font ec-lmr8!
Missing character: There is no  (U+2013) in font ec-lmr8!


[23
Missing character: There is no  (U+2013) in font ec-lmr8!
Missing character: There is no  (U+03BC) in font ec-lmr8!
Missing character: There is no  (U+2248) in font ec-lmr8!
Missing character: There is no  (U+2013) in font ec-lmr8!
Missing character: There is no  (U+2013) in font ec-lmr8!
Missing character: There is no  (U+03BC) in font ec-lmr8!
Missing character: There is no  (U+2010) in font ec-lmr8!
Missing character: There is no  (U+2013) in font ec-lmr8!
Missing character: There is no  (U+2019) in font ec-lmr8!
Missing character: There is no  (U+03BC) in font ec-lmr8!
Missing character: There is no  (U+03BC) in font ec-lmr8!
Missing character: There is no  (U+2013) in font ec-lmr8!
Missing character: There is no  (U+03BC) in font ec-lmr8!
Missing character: There is no  (U+2010) in font ec-lmr8!
Missing character: There is no  (U+2013) in font ec-lmr8!
Missing character: There is no  (U+03BC) in font ec-lmr8!
Missing character: There is no  (U+2013) in font ec-lmr8!
Missing character: There is no  (U+2013) in font ec-lmr8!
Missing character: There is no  (U+03BC) in font ec-lmr8!
Missing character: There is no  (U+2013) in font ec-lmr8!
Missing character: There is no  (U+2019) in font ec-lmr8!
Missing character: There is no  (U+2013) in font ec-lmr8!
Missing character: There is no  (U+201C) in font ec-lmr8!
Missing character: There is no  (U+201D) in font ec-lmr8!
Missing character: There is no  (U+2013) in font ec-lmr8!
]
Missing character: There is no  (U+2013) in font ec-lmr8!
Missing character: There is no  (U+201C) in font ec-lmr8!
Missing character: There is no  (U+201D) in font ec-lmr8!
Missing character: There is no  (U+2013) in font ec-lmr8!
Missing character: There is no  (U+201C) in font ec-lmr8!
Missing character: There is no  (U+201D) in font ec-lmr8!
Missing character: There is no  (U+2019) in font ec-lmr8!
Missing character: There is no  (U+2019) in font ec-lmr8!
Missing character: There is no  (U+2019) in font ec-lmr8!
Missing character: There is no  (U+2019) in font ec-lmr8!
Missing character: There is no  (U+2019) in font ec-lmr8!
Missing character: There is no  (U+2019) in font ec-lmr8!
Missing character: There is no  (U+2019) in font ec-lmr8!
Missing character: There is no  (U+2019) in font ec-lmr8!
Missing character: There is no  (U+2019) in font ec-lmr8!
Missing character: There is no  (U+2019) in font ec-lmr8!
Missing character: There is no  (U+2013) in font ec-lmr8!
Missing character: There is no  (U+2019) in font ec-lmr8!
Missing character: There is no  (U+2019) in font ec-lmr8!
Missing character: There is no  (U+2013) in font ec-lmr8!
Missing character: There is no  (U+2013) in font ec-lmr8!
Missing character: There is no  (U+2013) in font ec-lmr8!
Missing character: There is no  (U+2013) in font ec-lmr8!
Missing character: There is no  (U+2013) in font ec-lmr8!
Missing character: There is no  (U+2013) in font ec-lmr8!
Missing character: There is no  (U+2013) in font ec-lmr8!
Missing character: There is no  (U+2019) in font ec-lmr8!
Missing character: There is no  (U+2019) in font ec-lmr8!
Missing character: There is no  (U+2019) in font ec-lmr8!
Missing character: There is no  (U+2019) in font ec-lmr8!


[24
Missing character: There is no  (U+2013) in font ec-lmr8!
Missing character: There is no  (U+201C) in font ec-lmr8!
Missing character: There is no  (U+201D) in font ec-lmr8!
Missing character: There is no  (U+2019) in font ec-lmr8!
Missing character: There is no  (U+2019) in font ec-lmr8!
Missing character: There is no  (U+2019) in font ec-lmr8!
Missing character: There is no  (U+2019) in font ec-lmr8!
Missing character: There is no  (U+2019) in font ec-lmr8!
Missing character: There is no  (U+2019) in font ec-lmr8!
Missing character: There is no  (U+2013) in font ec-lmr8!
Missing character: There is no  (U+2013) in font ec-lmr8!
Missing character: There is no  (U+2013) in font ec-lmr8!
Missing character: There is no  (U+2013) in font ec-lmr8!
Missing character: There is no  (U+2019) in font ec-lmr8!
Missing character: There is no  (U+2019) in font ec-lmr8!
]
<./figures/cs_cs_different_fraction_coeff_mu_box_plt.png, id=327, 578.16pt x 43
3.62pt>
File: ./figures/cs_cs_different_fraction_coeff_mu_box_plt.png Graphic file (typ
e png)
<use ./figures/cs_cs_different_fraction_coeff_mu_box_plt.png>
Package luatex.def Info: ./figures/cs_cs_different_fraction_coeff_mu_box_plt.pn
g  used on input line 546.
(luatex.def)             Requested size: 385.45964pt x 289.07999pt.


[25

<./figures/cs_cs_different_fraction_coeff_mu_box_plt.png>]
<./figures/cs_cs_different_fraction_coeff_c_box_plt.png, id=333, 578.16pt x 433
.62pt>
File: ./figures/cs_cs_different_fraction_coeff_c_box_plt.png Graphic file (type
 png)
<use ./figures/cs_cs_different_fraction_coeff_c_box_plt.png>
Package luatex.def Info: ./figures/cs_cs_different_fraction_coeff_c_box_plt.png
  used on input line 554.
(luatex.def)             Requested size: 385.45964pt x 289.07999pt.

Missing character: There is no  (U+03B1) in font ec-lmr10!
Missing character: There is no  (U+03B1) in font ec-lmr10!


[26
Missing character: There is no  (U+03B1) in font ec-lmr10!
<./figures/cs_cs_different_fraction_coeff_c_box_plt.png>]

[27]

[28]
Missing character: There is no  (U+03B4) in font ec-lmr10!
Missing character: There is no  (U+03B4) in font ec-lmr10!


[29


Missing character: There is no  (U+03B4) in font ec-lmr10!
]
Missing character: There is no  (U+00B0) in font cmr10!
Missing character: There is no  (U+00B0) in font cmr10!
Missing character: There is no  (U+00B0) in font cmr10!
Missing character: There is no  (U+00B0) in font cmr10!
Missing character: There is no  (U+00B0) in font cmr10!
Missing character: There is no  (U+03C6) in font cmmi10!
Missing character: There is no  (U+03C6) in font cmmi10!


[30]

[31]
Missing character: There is no  (U+03C3) in font ec-lmr10!
Missing character: There is no  (U+03C3) in font ec-lmr10!


[32]
LaTeX Font Info:    Trying to load font information for T1+lmtt on input line 7
26.
 (/home/huy1/local/texlive/2025/texmf-dist/tex/latex/lm/t1lmtt.fd
File: t1lmtt.fd 2015/05/01 v1.6.1 Font defs for Latin Modern
)
Overfull \hbox (93.37366pt too wide) in paragraph at lines 726--727
[][]$\T1/lmtt/m/n/10 https://civiltoday.com/geotechnical-[]engineering/soil-[]me
chanics/144-[]boussinesqs-[]equation$[] 
 []


Overfull \hbox (83.37369pt too wide) in paragraph at lines 727--728
[][]$\T1/lmtt/m/n/10 https://testbook.com/civil-[]engineering/boussinesqs-[]equa
tion-[]definition-[]and-[]hypothesis$[] 
 []


Overfull \hbox (201.37335pt too wide) in paragraph at lines 728--729
[][]$\T1/lmtt/m/n/10 https://testbook.com/question-[]answer/what-[]is-[]the-[]bo
ussinesqs-[]vertical-[]stress-[]at-[]a-[]-[]5ebfa4fff60d5d399ec56605$[] 
 []



[33
Missing character: There is no  (U+03C3) in font ec-lmr10!
]
Overfull \hbox (0.56401pt too wide) in paragraph at lines 743--744
[]\T1/lmr/m/n/10 Bound-ary con-di-tions: Janssen's equa-tion ac-counts for the 
pres-ence of con-tainer walls, whereas
 []


Overfull \hbox (57.67374pt too wide) in paragraph at lines 754--755
[][]$\T1/lmtt/m/n/10 https://civiltoday.com/geotechnical-[]engineering/soil-[]me
chanics/144-[]boussinesqs-[]equation$[] 
 []


Overfull \hbox (67.1737pt too wide) in paragraph at lines 756--757
[][]$\T1/lmtt/m/n/10 https://www.rocscience.com/help/settle3/documentation/proje
ct-[]settings/stress-[]computation$[] 
 []


Overfull \hbox (47.67377pt too wide) in paragraph at lines 758--759
[][]$\T1/lmtt/m/n/10 https://testbook.com/civil-[]engineering/boussinesqs-[]equa
tion-[]definition-[]and-[]hypothesis$[] 
 []



[34]

[35]

[36]
Missing character: There is no  (U+03C6) in font ec-lmr10!
Missing character: There is no  (U+03C6) in font ec-lmr10!
Missing character: There is no  (U+03C6) in font ec-lmr10!


[37
Missing character: There is no  (U+03C6) in font ec-lmr10!
]
Overfull \hbox (164.67343pt too wide) in paragraph at lines 839--840
[][]$\T1/lmtt/m/n/10 https://ppl-[]ai-[]file-[]upload.s3.amazonaws.com/web/direc
t-[]files/40921872/a77bc85f-[]11f0-[]4875-[]bd95-[]14714dcbdb41/
 []


Overfull \hbox (19.42384pt too wide) in paragraph at lines 840--841
[][]$\T1/lmtt/m/n/10 https://pubs.geoscienceworld.org/gsa/gsabulletin/article-[
]abstract/56/6/669/4088/
 []


Overfull \hbox (14.17386pt too wide) in paragraph at lines 844--845
[][]$\T1/lmtt/m/n/10 https://www.frontiersin.org/journals/earth-[]science/articl
es/10.3389/feart.2021.
 []


Overfull \hbox (22.42384pt too wide) in paragraph at lines 845--846
[][]$\T1/lmtt/m/n/10 https://www.eng-[]tips.com/threads/angle-[]of-[]repose-[]ve
rsus-[]internal-[]friction-[]angle.
 []



[38]
Missing character: There is no  (U+2013) in font ec-lmr10!
Missing character: There is no  (U+2013) in font ec-lmr10!

Underfull \hbox (badness 10000) in paragraph at lines 889--889
[]|\T1/lmr/m/n/5 Ex-per-i-men-tal, FT4
 []


Underfull \hbox (badness 1237) in paragraph at lines 889--889
[]|\T1/lmr/m/n/5 FT4 pow-der rheome-
 []


Underfull \hbox (badness 10000) in paragraph at lines 889--889
\T1/lmr/m/n/5 ter, wall fric-tion
 []


Underfull \hbox (badness 10000) in paragraph at lines 889--889
\T1/lmr/m/n/5 disk, stain-less
 []


Underfull \hbox (badness 10000) in paragraph at lines 889--889
\T1/lmr/m/n/5 steel/PTFE/HDPE,
 []


Underfull \hbox (badness 10000) in paragraph at lines 889--889
[]|\T1/lmr/m/n/5 Flow en-ergy, com-
 []


Underfull \hbox (badness 10000) in paragraph at lines 889--889
\T1/lmr/m/n/5 press-ibil-ity, wall
 []


Underfull \hbox (badness 8038) in paragraph at lines 889--889
[]|\T1/lmr/m/n/5 Sur-face en-ergy/co-he-
 []


Underfull \hbox (badness 1107) in paragraph at lines 889--889
[]|\T1/lmr/m/n/5 Sur-face area, sur-face
 []


Underfull \hbox (badness 10000) in paragraph at lines 889--889
\T1/lmr/m/n/5 en-ergy, wet-ta-bil-ity,
 []


Underfull \hbox (badness 10000) in paragraph at lines 889--889
[]|\T1/lmr/m/n/5 Sur-face prop-erty
 []


Underfull \hbox (badness 10000) in paragraph at lines 889--889
[]|\T1/lmr/m/n/5 Stere-omi-croscopy,
 []


Underfull \hbox (badness 1527) in paragraph at lines 889--889
[]|\T1/lmr/m/n/5 Flow ad-di-tives ef-fect
 []


Underfull \hbox (badness 1237) in paragraph at lines 889--889
[]|\T1/lmr/m/n/5 FT4 pow-der rheome-
 []


Underfull \hbox (badness 2426) in paragraph at lines 889--889
\T1/lmr/m/n/5 tion, sur-face en-ergy,
 []



[39


Missing character: There is no  (U+2013) in font ec-lmr10!
]

[40]
Missing character: There is no  (U+2013) in font ec-lmr5!
Missing character: There is no  (U+2013) in font ec-lmr5!
Missing character: There is no  (U+2014) in font ec-lmr5!
Missing character: There is no  (U+2014) in font ec-lmr5!
Missing character: There is no  (U+2013) in font ec-lmr5!
Missing character: There is no  (U+2013) in font ec-lmr5!
Missing character: There is no  (U+2014) in font ec-lmr5!
Missing character: There is no  (U+2014) in font ec-lmr5!
Missing character: There is no  (U+2014) in font ec-lmr5!
Missing character: There is no  (U+2013) in font ec-lmr5!

Underfull \hbox (badness 10000) in paragraph at lines 931--931
[]|\T1/lmr/m/n/5 Wall fric-tion an-gle in-
 []


Underfull \hbox (badness 6348) in paragraph at lines 931--931
\T1/lmr/m/n/5 creases with mois-ture on
 []


Underfull \hbox (badness 10000) in paragraph at lines 931--931
\T1/lmr/m/n/5 hy-drophilic, non-mono-tonic
 []

Missing character: There is no  (U+2013) in font ec-lmr5!
Missing character: There is no  (U+2014) in font ec-lmr5!
Missing character: There is no  (U+2014) in font ec-lmr5!

Underfull \hbox (badness 5726) in paragraph at lines 931--931
[]|\T1/lmr/m/n/5 Cal-cu-lated work of co-he-
 []

Missing character: There is no  (U+2014) in font ec-lmr5!

Underfull \hbox (badness 10000) in paragraph at lines 931--931
[]|\T1/lmr/m/n/5 Sur-face rough-ness/en-ergy
 []

Missing character: There is no  (U+201C) in font ec-lmr10!
Missing character: There is no  (U+201D) in font ec-lmr10!
Missing character: There is no  (U+201C) in font ec-lmr10!
Missing character: There is no  (U+201D) in font ec-lmr10!
Missing character: There is no  (U+2264) in font ec-lmr10!
Missing character: There is no  (U+2264) in font ec-lmr10!


[41
Missing character: There is no  (U+2013) in font ec-lmr5!
Missing character: There is no  (U+2013) in font ec-lmr5!
Missing character: There is no  (U+2014) in font ec-lmr5!
Missing character: There is no  (U+201C) in font ec-lmr10!
Missing character: There is no  (U+201D) in font ec-lmr10!
Missing character: There is no  (U+2264) in font ec-lmr10!
]
Missing character: There is no  (U+2192) in font ec-lmr10!
Missing character: There is no  (U+2192) in font ec-lmr10!
Missing character: There is no  (U+2014) in font ec-lmr10!
Missing character: There is no  (U+2014) in font ec-lmr10!

Overfull \hbox (3.81291pt too wide) in paragraph at lines 974--975
\T1/lmtt/m/n/10 cfabfa7e-[]952a-[]44bb-[]9a95-[]bfaba2094ea2/source/fc30f087ff67
4611bd9be8fb92e90fd1$[]\T1/lmr/m/n/10 ) 
 []


Overfull \hbox (3.81291pt too wide) in paragraph at lines 975--976
\T1/lmtt/m/n/10 cfabfa7e-[]952a-[]44bb-[]9a95-[]bfaba2094ea2/source/70cd9dea0f0c
47c7b0cef913b4b07647$[]\T1/lmr/m/n/10 ) 
 []



[42
Missing character: There is no  (U+2192) in font ec-lmr10!
Missing character: There is no  (U+2014) in font ec-lmr10!
]
Overfull \hbox (40.5628pt too wide) in paragraph at lines 976--977
\T1/lmtt/m/n/10 review/cfabfa7e-[]952a-[]44bb-[]9a95-[]bfaba2094ea2/source/95797
36e564f4cb2be1fbf49316aed34$[]\T1/lmr/m/n/10 ) 
 []


Overfull \hbox (61.56274pt too wide) in paragraph at lines 977--978
\T1/lmtt/m/n/10 com/review/cfabfa7e-[]952a-[]44bb-[]9a95-[]bfaba2094ea2/source/3
06679ec456e43218a6bb136efb042f6$[]\T1/lmr/m/n/10 ) 
 []


Overfull \hbox (164.78232pt too wide) in paragraph at lines 978--979
\T1/lmr/bx/n/10 istry & En-gi-neer-ing. \T1/lmr/m/n/10 [BRO-KEN LINK: PDF Link](
[]$\T1/lmtt/m/n/10 https://elicit.com/review/cfabfa7e-[]952a-[]44bb-[]9a95-[]bfa
ba2094ea2/
 []



[43]

[44]

[45

]

[46]

Package biblatex Warning: No driver for 'standard'.
(biblatex)                Using fallback driver on input line 1007.



[47]
Missing character: There is no  (U+0119) in font ec-lmr10!
Missing character: There is no  (U+0142) in font ec-lmr10!
Missing character: There is no  (U+0142) in font ec-lmr10!
Missing character: There is no  (U+0119) in font ec-lmr10!
Missing character: There is no  (U+0142) in font ec-lmr10!
Missing character: There is no  (U+0142) in font ec-lmr10!


[48
Missing character: There is no  (U+0119) in font ec-lmr10!
Missing character: There is no  (U+0142) in font ec-lmr10!
Missing character: There is no  (U+0142) in font ec-lmr10!
] (./biomass_ipm.aux)
 ***********
LaTeX2e <2025-06-01> patch level 1
L3 programming layer <2025-09-02>
 ***********
Package rerunfilecheck Info: File `biomass_ipm.out' has not changed.
(rerunfilecheck)             Checksum: 63307934F78D168D57ECA25BCCE0909F;4705.
Package logreq Info: Writing requests to 'biomass_ipm.run.xml'.

\openout1 = biomass_ipm.run.xml
)

Here is how much of LuaTeX's memory you used:
 43257 strings out of 476291
 100000,1977958 words of node,token memory allocated
 1025 words of node memory still in use:
   7 hlist, 2 vlist, 2 rule, 4 glue, 4 kern, 2 sub_mlist, 1 glyph, 92 attribute,
 81 glue_spec, 48 attribute_list, 2 write, 18 pdf_action nodes
   avail lists: 2:1725,3:436,4:171,5:509,6:64,7:8206,8:152,9:643,10:23,11:844
 64159 multiletter control sequences out of 65536+600000
 95 fonts using 5931935 bytes
 100i,9n,97p,1187b,1928s stack positions out of 10000i,1000n,20000p,200000b,200000s
{/home/huy1/local/texlive/2025/texmf-dist/fonts/enc/dvips/lm/lm-ec.enc}{/home/hu
y1/local/texlive/2025/texmf-dist/fonts/enc/dvips/lm/lm-ts1.enc}</home/huy1/local
/texlive/2025/texmf-dist/fonts/type1/public/amsfonts/cm/cmbx6.pfb></home/huy1/lo
cal/texlive/2025/texmf-dist/fonts/type1/public/amsfonts/cm/cmbx8.pfb></home/huy1
/local/texlive/2025/texmf-dist/fonts/type1/public/amsfonts/cm/cmex10.pfb></home/
huy1/local/texlive/2025/texmf-dist/fonts/type1/public/amsfonts/cmextra/cmex8.pfb
></home/huy1/local/texlive/2025/texmf-dist/fonts/type1/public/amsfonts/cm/cmmi10
.pfb></home/huy1/local/texlive/2025/texmf-dist/fonts/type1/public/amsfonts/cm/cm
mi5.pfb></home/huy1/local/texlive/2025/texmf-dist/fonts/type1/public/amsfonts/cm
/cmmi6.pfb></home/huy1/local/texlive/2025/texmf-dist/fonts/type1/public/amsfonts
/cm/cmmi7.pfb></home/huy1/local/texlive/2025/texmf-dist/fonts/type1/public/amsfo
nts/cm/cmmi8.pfb></home/huy1/local/texlive/2025/texmf-dist/fonts/type1/public/am
sfonts/cm/cmr10.pfb></home/huy1/local/texlive/2025/texmf-dist/fonts/type1/public
/amsfonts/cm/cmr5.pfb></home/huy1/local/texlive/2025/texmf-dist/fonts/type1/publ
ic/amsfonts/cm/cmr6.pfb></home/huy1/local/texlive/2025/texmf-dist/fonts/type1/pu
blic/amsfonts/cm/cmr7.pfb></home/huy1/local/texlive/2025/texmf-dist/fonts/type1/
public/amsfonts/cm/cmr8.pfb></home/huy1/local/texlive/2025/texmf-dist/fonts/type
1/public/amsfonts/cm/cmsy10.pfb></home/huy1/local/texlive/2025/texmf-dist/fonts/
type1/public/amsfonts/cm/cmsy7.pfb></home/huy1/local/texlive/2025/texmf-dist/fon
ts/type1/public/amsfonts/cm/cmsy8.pfb></home/huy1/local/texlive/2025/texmf-dist/
fonts/type1/public/lm/lmbx10.pfb></home/huy1/local/texlive/2025/texmf-dist/fonts
/type1/public/lm/lmbx12.pfb></home/huy1/local/texlive/2025/texmf-dist/fonts/type
1/public/lm/lmbx8.pfb></home/huy1/local/texlive/2025/texmf-dist/fonts/type1/publ
ic/lm/lmbx9.pfb></home/huy1/local/texlive/2025/texmf-dist/fonts/type1/public/lm/
lmbxi10.pfb></home/huy1/local/texlive/2025/texmf-dist/fonts/type1/public/lm/lmr1
0.pfb></home/huy1/local/texlive/2025/texmf-dist/fonts/type1/public/lm/lmr12.pfb>
</home/huy1/local/texlive/2025/texmf-dist/fonts/type1/public/lm/lmr17.pfb></home
/huy1/local/texlive/2025/texmf-dist/fonts/type1/public/lm/lmr5.pfb></home/huy1/l
ocal/texlive/2025/texmf-dist/fonts/type1/public/lm/lmr7.pfb></home/huy1/local/te
xlive/2025/texmf-dist/fonts/type1/public/lm/lmr8.pfb></home/huy1/local/texlive/2
025/texmf-dist/fonts/type1/public/lm/lmr9.pfb></home/huy1/local/texlive/2025/tex
mf-dist/fonts/type1/public/lm/lmri10.pfb></home/huy1/local/texlive/2025/texmf-di
st/fonts/type1/public/lm/lmss8.pfb></home/huy1/local/texlive/2025/texmf-dist/fon
ts/type1/public/lm/lmtt10.pfb>
Output written on biomass_ipm.pdf (48 pages, 4376651 bytes).

PDF statistics: 692 PDF objects out of 1000 (max. 8388607)
 589 compressed objects within 6 object streams
 161 named destinations out of 1000 (max. 131072)
 168 words of extra memory for PDF output out of 10000 (max. 100000000)

